-0.5080929 0.04829267 -0.04503656 0.03636143 0.04292161 -0.06748955 0.03540145
-0.7841292 0.09401006 -0.06947931 0.05114431 -0.02183304 -0.07374217 0.05617916
-0.8927648 0.1305413 -0.0814051 0.02500758 -0.01136937 -0.08307104 0.05033913
-0.9390711 0.1766842 -0.03585995 0.03901563 -0.006924756 -0.1010705 0.01812264
-1.056354 0.1621739 -0.03790801 0.1058262 -0.003418865 -0.08453617 0.07181556
-1.081958 0.1230039 -0.06255057 0.1060103 -0.03779869 -0.07332478 0.08858183
-1.01714 0.1228506 -0.001987604 0.04607682 0.001080159 -0.03487871 -0.0175691
-1.027136 0.1052349 -0.05395883 0.05515417 -0.01242374 -0.0398225 0.07309397
-1.086144 0.09790113 -0.07793762 0.08187111 -0.03479657 -0.05339904 0.1373486
-1.090287 0.1234795 -0.1494443 0.1081546 -0.00345571 -0.06638227 0.2011127
-1.029466 0.1241162 -0.137281 0.1074719 -0.0143569 -0.0700168 0.1090243
-1.02051 0.1506457 -0.1743207 0.1277887 -0.06614298 -0.04392995 0.05798097
-1.064087 0.1283379 -0.1109331 0.1393328 -0.04692059 -0.1093481 0.02340408
-1.060151 0.1523891 -0.1110824 0.06452139 -0.007433033 -0.1101921 0.04520061
-1.071482 0.153512 -0.1850038 0.105423 0.003813886 -0.08590864 0.0322251
-1.101192 0.1470103 -0.1365322 0.0541524 -0.009331104 -0.05364884 0.05035904
-1.034606 0.1563325 -0.1254862 0.1075001 -0.005990629 -0.0679437 -0.03718517
-1.048423 0.1454629 -0.1501919 0.07529437 0.0315404 -0.1001361 -0.04139649
-1.12813 0.1660198 -0.1643173 0.06800992 -0.02815913 -0.08289904 0.04207945
-1.138225 0.1522699 -0.2447484 0.1371906 -0.047435 -0.04265537 0.03076058
-1.119019 0.1417136 -0.215428 0.1077522 -0.03874437 -0.08381285 0.007338879
-1.157968 0.1203926 -0.1757667 0.1214187 -0.03403047 -0.1172018 0.06041469
-1.06163 0.1434555 -0.166924 0.109937 -0.07402579 -0.09938098 -0.02249439
-1.038016 0.1769285 -0.1705163 0.1698513 -0.08088456 -0.0598265 0.05746606
-1.066694 0.1297018 -0.1652389 0.1669381 -0.08417493 -0.07153911 0.07311546
-1.044213 0.09961718 -0.1662882 0.1863591 -0.08126028 -0.1319713 0.05077613
-1.010743 0.1518641 -0.09148636 0.1316268 -0.09822132 -0.0950499 -0.008694708
-1.031287 0.1573602 -0.0436229 0.1064585 -0.03941697 -0.1036504 -0.01755357
-1.053449 0.1606055 -0.07834672 0.08789901 -0.04715417 -0.1088106 0.002380017
-1.031445 0.1475308 -0.07092764 0.06100655 -0.0187395 -0.08976088 -0.03531664
-1.042633 0.187599 -0.08028592 0.04442994 -0.04537405 -0.06607355 0.01448411
-1.145467 0.1861016 -0.07997609 0.07122215 -0.02236223 -0.04233801 0.1345659
-1.127453 0.2069934 -0.07395753 0.09754834 -0.03448817 -0.0233472 0.1528405
-1.093323 0.1872165 -0.1238686 0.1506331 -0.0789332 -0.06016815 0.1259361
-1.101526 0.1407271 -0.1867675 0.1795082 -0.06817177 -0.09281204 0.09005415
-1.086928 0.1506009 -0.1603811 0.1532467 -0.01675615 -0.12916 0.08966491
-1.127999 0.166252 -0.1479562 0.1557951 -0.008088478 -0.122251 0.08607446
-1.126807 0.1396856 -0.1328558 0.1657388 -0.0002961055 -0.1285408 0.1383461
-1.128865 0.1628612 -0.1104811 0.1269761 0.05921664 -0.1122402 0.1813499
-1.108885 0.1276971 -0.1243033 0.09782447 0.02181589 -0.04235942 0.1291417
-1.071697 0.1475503 -0.1105445 0.08514747 0.0009731477 -0.04191588 0.02773747
-1.059097 0.1367708 -0.08461069 0.102416 -0.0503492 -0.01961443 0.05880458
-1.034444 0.1531942 -0.09556727 0.1122057 -0.06017118 -0.04152512 -0.03303373
-1.072081 0.1894359 -0.1260583 0.1059047 -0.06258711 -0.02414752 0.06413919
-1.047066 0.1092691 -0.1168756 0.113562 -0.04097164 -0.06642924 0.02875734
-1.002681 0.1216439 -0.1452258 0.08464251 -0.02573438 -0.03390937 -0.01184375
-1.071202 0.1502877 -0.1161133 0.09803268 0.002031264 -0.02261465 0.06644733
-1.062273 0.192962 -0.06898234 0.08698367 -0.002094703 -0.03952354 0.09295381
-1.058115 0.1749319 -0.1240301 0.08546655 -0.01228078 -0.05377219 0.07824996
-1.019337 0.1425346 -0.1202415 0.09097161 -0.04306907 -0.08148054 0.003017016
-1.058739 0.131317 -0.1143729 0.1166402 -0.006225164 -0.05850156 0.01860419
-1.039794 0.1201031 -0.1181403 0.08353306 0.01374116 -0.09871111 -0.003957896
-1.035585 0.1793663 -0.08730003 0.05554631 0.03392985 -0.1072517 0.06056985
-1.06017 0.1436138 -0.09941902 0.1068519 0.02619275 -0.09763479 0.06438218
-1.089752 0.186747 -0.137032 0.1070463 0.03457003 -0.1068534 0.04423586
-1.065679 0.1733363 -0.1123551 0.09876601 -0.008510555 -0.1233233 0.1087042
-1.103653 0.1476875 -0.1123326 0.1064964 -0.04657553 -0.1616664 0.1157117
-1.092534 0.2016647 -0.1394377 0.1137145 -0.0389544 -0.1705931 0.1064283
-1.036223 0.1844837 -0.1354736 0.1822542 -0.04427567 -0.1295461 -0.0258297
-0.9924855 0.1811814 -0.1122433 0.1399439 -0.05692964 -0.1148292 -0.03542505
-0.9901169 0.1527159 -0.08126213 0.110999 -0.06159668 -0.1064606 -0.1102947
-0.9736218 0.1475908 -0.09841748 0.120252 -0.1029839 -0.09995195 -0.09622001
-1.064558 0.135085 -0.1405672 0.1832778 -0.03778686 -0.1100561 0.06055254
-1.111007 0.174211 -0.1101498 0.09981435 -0.05278234 -0.0560138 0.0601544
-1.155717 0.1458645 -0.1146754 0.1403874 -0.02341032 -0.07356251 0.1698898
-1.095304 0.1706276 -0.1106373 0.1196322 -0.03627936 -0.06881436 0.1495757
-1.150017 0.1353552 -0.108369 0.1166043 -0.01867239 -0.06728395 0.199968
-1.091186 0.1205986 -0.09505875 0.1380014 -0.04189428 -0.04963953 0.127936
-1.093947 0.104477 -0.1174333 0.143232 -0.01083675 -0.05605707 0.1239891
-1.04674 0.1682761 -0.1676954 0.1334484 -0.01803594 -0.04904169 0.05999027
-1.056667 0.1769624 -0.1998607 0.1297438 -0.02540938 -0.06490732 0.07144328
-1.048933 0.188332 -0.1824228 0.1152829 -0.001437771 -0.1061096 0.07116379
-1.095644 0.2062004 -0.1592673 0.1148654 -0.0003503661 -0.1125441 0.1118954
-1.055558 0.1875029 -0.09737116 0.08171171 -0.01753084 -0.1063851 0.0591404
-1.003872 0.1890099 -0.1160815 0.1306284 -0.03343412 -0.07987971 0.0233473
-1.018106 0.1989242 -0.09476299 0.114886 -0.01750985 -0.09187009 0.0592082
-0.9781271 0.1893589 -0.09308247 0.09860391 -0.0353006 -0.1218065 -0.01782704
-1.064246 0.1477052 -0.07972095 0.06793975 0.005166675 -0.09381534 0.1491443
-1.06694 0.1615022 -0.1023203 0.07737884 0.02245791 -0.08454831 0.122249
-1.126685 0.172696 -0.0953693 0.09760622 -0.026107 -0.05005812 0.1622447
-1.129146 0.1993653 -0.09958933 0.1071808 -0.0329606 -0.07459354 0.07957786
-1.133105 0.206054 -0.1152899 0.1304196 -0.0365147 -0.09399388 0.09393544
-1.093031 0.2174589 -0.1294057 0.08820661 -0.05845945 -0.09698599 0.05914612
-1.086256 0.1866136 -0.1484228 0.1359656 -0.06435447 -0.07003413 0.06861405
-1.085312 0.1861259 -0.1925754 0.1816833 -0.06664 -0.09419114 0.04074235
-1.077448 0.2115824 -0.1815081 0.2111673 -0.05372326 -0.06274281 0.00417716
-1.047209 0.1509251 -0.1387445 0.1778143 -0.005867718 -0.09919433 -0.02883315
-1.025497 0.1220925 -0.1354598 0.09676048 -0.002893942 -0.09724827 -0.05749856
-1.024104 0.1041672 -0.1173161 0.1060477 0.01510712 -0.07119237 -0.02396552
-0.998288 0.1496478 -0.1305161 0.09851882 0.02115783 -0.09609712 -0.02058739
-1.06682 0.1634364 -0.1892966 0.1230641 0.04142542 -0.06177882 0.02262606
-1.085907 0.1624401 -0.1766555 0.06113864 0.0282198 -0.01850205 0.0624696
-1.031969 0.164265 -0.1768096 0.1003848 0.06614449 -0.05519216 -0.005756411
-1.02663 0.1895024 -0.1274125 0.0672552 0.06284631 -0.1168595 -0.06302793
-1.016309 0.1864975 -0.1064327 0.0976243 0.03176559 -0.1201171 -0.07032932
-1.08402 0.1702435 -0.06311224 0.09306867 0.01593326 -0.1415673 -0.01446761
-1.005571 0.1694526 -0.1148262 0.1265773 0.02737628 -0.1480878 -0.1024781
-1.044781 0.1668996 -0.1308979 0.1096673 0.04995294 -0.1471084 0.0213489
-1.054737 0.1575348 -0.1137122 0.08250813 0.04547105 -0.1276162 0.06241781
-1.024845 0.1451983 -0.1035121 0.1213104 0.02039182 -0.1180001 0.05233864
-1.062655 0.1616059 -0.07100732 0.1046572 0.01725232 -0.06340682 0.04820816
-1.118622 0.1672623 -0.1218404 0.1432671 -0.03138937 -0.09176638 0.1268238
-1.06581 0.1770439 -0.1682041 0.1614611 -0.08095193 -0.08455062 -0.04338802
-1.013367 0.1326729 -0.1202526 0.1519053 -0.04976113 -0.08560976 -0.009617067
-1.014526 0.171183 -0.1187386 0.1175227 -0.07319854 -0.08191183 -0.02653671
-1.069117 0.1407626 -0.108811 0.1284642 -0.05508517 -0.09859326 0.04422641
-1.041358 0.108622 -0.06394199 0.121598 -0.05436358 -0.09539068 0.04331092
-1.056987 0.13206 -0.03575308 0.07088076 -0.03787607 -0.09114964 0.0785166
-1.024867 0.1854212 -0.05948491 0.07912085 0.04775231 -0.1040282 0.04561518
-1.025235 0.1878515 -0.05800815 0.105792 0.04590372 -0.1446944 -0.01410724
-1.075044 0.1437747 -0.09955437 0.09640692 -0.002283216 -0.09146961 0.05967587
-1.06015 0.1395 -0.09433156 0.06816562 -0.03871519 -0.08467503 0.008987555
-1.050705 0.1842161 -0.1276288 0.07053268 -0.04132325 -0.09729001 -0.03331388
-1.073535 0.154081 -0.1535299 0.103208 -0.06310449 -0.1282528 0.04780579
-1.057759 0.1622364 -0.1190238 0.04657879 -0.05282965 -0.1063048 0.008276544
-1.078311 0.1702804 -0.08315237 0.05442743 -0.04759709 -0.09865868 0.01862742
-1.064681 0.1682627 -0.1020742 0.0633082 -0.04583609 -0.09247991 0.04819173
-1.080371 0.2202055 -0.1414669 0.03918275 -0.004096186 -0.1004343 0.03536633
-1.1568 0.1520301 -0.1251692 0.02889722 0.03121532 -0.09210936 0.1508194
-1.164333 0.2344608 -0.1180365 0.04372573 -0.00821281 -0.05081159 0.2244913
-1.121001 0.2175513 -0.09547844 0.07638035 0.01497199 -0.07456434 0.1061441
-1.136855 0.1873106 -0.1327079 0.1252145 -0.02731564 -0.09638681 0.1538699
-1.106485 0.2131935 -0.1223414 0.1417154 0.02498186 -0.1290752 0.08385746
-1.077127 0.172626 -0.1271132 0.1336592 0.02949162 -0.1428458 0.1027583
-1.124551 0.207083 -0.1071312 0.07364095 -0.0002695735 -0.05974905 0.13799
-1.134834 0.1945973 -0.161893 0.06196728 -0.00551809 -0.0655375 0.1947683
-1.12464 0.1895417 -0.1323359 0.07495892 -0.01569307 -0.06243856 0.1892113
-1.140649 0.2567911 -0.1359242 0.08872922 -0.06196027 -0.07729321 0.1260798
-1.125178 0.2779215 -0.1349252 0.1025779 -0.00262731 -0.06341463 0.1109424
-1.132726 0.2260737 -0.1226345 0.0944733 -0.004768435 -0.1027647 0.05677954
-1.162319 0.1712507 -0.1032384 0.09719092 0.02686003 -0.1005438 0.04502856
-1.086275 0.1641752 -0.1587691 0.1610858 -0.03607931 -0.120533 -0.03956592
-1.055718 0.1649479 -0.1554604 0.1468991 -0.007925281 -0.100022 -0.03559727
-1.029685 0.1643071 -0.1739284 0.1415351 -0.05919879 -0.1252701 -0.01823976
-1.061804 0.1576501 -0.1328705 0.1536954 -0.03101039 -0.1591111 -0.003714225
-1.064832 0.1533879 -0.1205088 0.1217507 -0.01942996 -0.1419765 0.04083375
-1.011212 0.1584788 -0.1393478 0.1343749 -0.05880251 -0.08402803 -0.02241335
-1.07907 0.1343111 -0.1311766 0.1220733 -0.09751605 -0.04654481 0.001956727
-1.052955 0.1144268 -0.1344363 0.1666795 -0.09309857 -0.04536751 0.0108024
-1.040029 0.1017774 -0.1208142 0.1358589 -0.0581641 -0.02964301 -0.01361304
-1.095896 0.1472894 -0.1238242 0.1466125 -0.04949337 -0.02685796 0.1285113
-1.057261 0.1047886 -0.131676 0.1612723 -0.01551267 -0.09225617 0.04280732
-1.081343 0.1629312 -0.1081422 0.122006 -0.01777506 -0.07421946 -0.06294857
-1.037704 0.1839821 -0.1671528 0.1408369 -0.007137693 -0.08280846 -0.04670885
-1.082017 0.2235541 -0.1730678 0.1327546 -0.03441964 -0.07844499 0.03445738
-1.101572 0.2247041 -0.1456172 0.1222176 -0.0481403 -0.07308913 0.09070446
-1.09203 0.2064603 -0.1037957 0.1177202 -0.02831507 -0.146559 0.07846649
-1.071398 0.147532 -0.1437559 0.09011755 -0.02384537 -0.1419133 0.05180987
-1.162562 0.1950391 -0.1025552 0.05986692 -0.007341155 -0.1249265 0.2278943
-1.157489 0.1787738 -0.05880156 0.07127653 -0.01519068 -0.1479814 0.1830088
-1.156235 0.2131118 -0.1289627 0.1273776 -0.007822987 -0.1683353 0.1546028
-1.129794 0.1856497 -0.1302365 0.08562144 -0.03293807 -0.1134641 0.1343784
-1.098615 0.1715306 -0.1154976 0.1014262 -0.02065822 -0.1044509 0.09025208
-1.128303 0.1648872 -0.1341581 0.1235569 -0.01459614 -0.09391479 0.1274183
-1.093108 0.1667927 -0.1368041 0.1234901 -0.06752421 -0.07876495 0.07013333
-1.10893 0.1911686 -0.1213655 0.08362919 -0.04030525 -0.08528116 0.144639
-1.067043 0.1626456 -0.1200108 0.1025096 -0.05249516 -0.09908922 0.0832862
-1.125129 0.174455 -0.1150804 0.1211524 -0.06535398 -0.06828383 0.1290837
-1.139996 0.1676225 -0.0866219 0.1145437 -0.03929293 -0.1194843 0.2207184
-1.182509 0.1670627 -0.1511275 0.1331148 -0.01881757 -0.1582099 0.2366409
-1.101884 0.1514291 -0.07876386 0.09104488 -0.04086738 -0.09648922 0.135534
-1.151373 0.1518039 -0.1047641 0.06492618 -0.01288088 -0.09943138 0.1932148
-1.131802 0.1763374 -0.07905987 0.1386767 -0.03060321 -0.1206168 0.1997971
-1.11403 0.1629488 -0.1215061 0.140175 -0.04373958 -0.1062124 0.1677731
-1.154477 0.1566338 -0.09613219 0.08029105 -0.03144253 -0.08465572 0.1877198
-1.113581 0.1313965 -0.1318492 0.106014 -0.0220218 -0.1243028 0.0843738
-1.10234 0.148972 -0.1174035 0.1197576 -0.03687879 -0.1205015 0.06145661
-1.063467 0.1215418 -0.1142477 0.1262523 -0.003665235 -0.09341233 0.04505391
-1.129101 0.08432303 -0.114644 0.1483189 -0.02185345 -0.09812103 0.1723845
-1.033505 0.1183922 -0.09822743 0.1428454 -0.03931716 -0.07882427 0.1203173
-1.056667 0.1137182 -0.1100305 0.1298545 -0.01779193 -0.07544341 0.0630536
-1.108301 0.1156567 -0.1306829 0.1337868 -0.002602157 -0.1110961 0.2031102
-1.105489 0.09232512 -0.1302531 0.1359235 -0.03090445 -0.1239302 0.1782297
-1.112061 0.1441385 -0.1649913 0.1563311 -0.05377806 -0.1356462 0.1179986
-1.125047 0.1530011 -0.1271327 0.1466413 -0.03896335 -0.08745578 0.1036097
-1.103449 0.1267447 -0.1460462 0.1483572 -0.06137867 -0.0990332 0.01826191
-1.109682 0.1625508 -0.1469883 0.1299727 -0.04344046 -0.02751553 0.02121957
-1.079891 0.1850641 -0.1463693 0.1146279 0.01995452 -0.02116039 0.0008344765
-1.120242 0.1691863 -0.1345811 0.1526605 0.01877667 -0.03090959 0.01531204
-1.121336 0.2128632 -0.1561637 0.1681142 -0.0001271311 -0.04875228 0.1094287
-1.117641 0.1757722 -0.08607773 0.1388425 -0.001594536 -0.02172952 0.07515055
-1.073521 0.1760263 -0.09249454 0.142498 -0.01407569 -0.03410047 0.05718383
-1.101699 0.178153 -0.1240183 0.1079974 0.003783715 -0.06540061 0.1136882
-1.066374 0.2027432 -0.1473829 0.04996308 -0.04573563 -0.03397671 0.05709304
-1.032848 0.1802047 -0.113601 0.0403588 -0.07589821 -0.000256265 0.02426831
-1.03929 0.1947861 -0.1221952 0.09766227 -0.02473303 -0.03138016 0.02346386
-1.089717 0.1593935 -0.1364712 0.09716114 -0.03355393 -0.01786606 0.07775682
-1.085203 0.1926464 -0.1493323 0.0868826 -0.00227903 -0.04704985 0.1022681
-1.021067 0.2001804 -0.1423068 0.1143309 -0.04728211 -0.0397679 0.02579621
-1.094274 0.1963999 -0.1341396 0.142784 -0.05815513 -0.04791157 0.09474954
-1.111118 0.1276852 -0.1286542 0.1523332 -0.06075396 -0.07068511 0.1227927
-1.130712 0.1691958 -0.1205685 0.1183901 0.006135731 -0.03789653 0.1578035
-1.130574 0.2122803 -0.1346837 0.06987515 0.01760455 -0.06298465 0.1431704
-1.102852 0.2129103 -0.08452684 0.07800406 0.02691593 -0.09830161 0.1211663
-1.139105 0.1632991 -0.07103534 0.09567742 0.007781484 -0.09044225 0.1629854
-1.121064 0.2023124 -0.06334208 0.08261388 -0.007779291 -0.1013549 0.1326368
-1.151305 0.18349 -0.09871734 0.101709 -0.001067315 -0.1031458 0.08397447
-1.08148 0.1362599 -0.1151293 0.1379163 -0.05016244 -0.1055257 -0.02853862
-0.9873798 0.1253029 -0.1071693 0.1636217 -0.03060473 -0.1301683 -0.0438966
-1.039081 0.1705059 -0.1174069 0.1155052 -0.01326271 -0.1136887 0.01864973
-1.011115 0.183701 -0.08927681 0.1283609 0.001774938 -0.1218138 0.03056512
-1.089021 0.2126493 -0.1215617 0.1007028 -0.02575531 -0.1222511 0.1032244
-1.104163 0.1787171 -0.1493653 0.109063 -0.05903409 -0.10526 0.05414299
-1.134439 0.1932618 -0.1035708 0.1139623 -0.06400879 -0.1341533 0.02704188
-1.118346 0.1753787 -0.1355013 0.09422891 -0.02002496 -0.1435952 0.1176391
-1.126612 0.2070936 -0.1346212 0.1241005 -0.02008466 -0.1056795 0.1137901
-1.118919 0.205971 -0.1480334 0.1114256 0.02012808 -0.1322771 0.1352437
-1.088122 0.2318496 -0.1632435 0.1127896 0.05315596 -0.123502 0.02103868
-1.112396 0.1713342 -0.1523755 0.09014364 -0.0302552 -0.1032562 0.09988734
-1.091545 0.1828918 -0.1614634 0.0937816 -0.02885933 -0.1048611 0.1334856
-1.087839 0.1529002 -0.1384188 0.1056458 -0.0430748 -0.1281385 0.02416314
-1.122208 0.1790903 -0.1687815 0.1297915 -0.04166258 -0.1376757 0.1008843
-1.082594 0.1921819 -0.1465077 0.08303676 -0.02114224 -0.09952336 0.01044327
-1.125632 0.1817188 -0.1357292 0.1204862 -0.001865381 -0.09922944 0.06642611
-1.131162 0.2016337 -0.1369113 0.1161088 0.005889013 -0.07571004 0.07823367
-1.175465 0.1923235 -0.139039 0.08836264 0.01107157 -0.113715 0.07036907
-1.157446 0.1714291 -0.1355902 0.1267275 0.05721465 -0.1600953 0.08861592
-1.122843 0.1737664 -0.1236572 0.1441012 0.02020165 -0.1626054 0.04119039
-1.121755 0.1496708 -0.127477 0.1329574 0.04633607 -0.1338509 0.06855177
-1.143352 0.1636475 -0.1154348 0.0860425 0.0009882225 -0.06324678 0.1528865
-1.093815 0.1522522 -0.1269918 0.09535186 -0.01111766 -0.07060897 0.06940279
-1.112564 0.1878541 -0.120799 0.102373 -0.01052179 -0.03625157 0.1092327
-1.100174 0.2148552 -0.1333121 0.1578486 -0.03817765 -0.06087869 0.07445217
-1.072471 0.2032557 -0.1177846 0.1202447 -0.002542838 -0.03623109 0.05200614
-1.093878 0.1944958 -0.142226 0.1735732 -0.02761712 -0.03461776 0.07109686
-1.02854 0.1936067 -0.1861207 0.1525533 -0.02630661 -0.07992063 0.01249127
-1.064937 0.2060133 -0.1779962 0.200915 -0.0441086 -0.1103118 0.03672838
-1.06334 0.2258297 -0.1835851 0.1344421 -0.0278889 -0.1154137 0.06297579
-1.067403 0.2045438 -0.1585809 0.1572609 0.03261099 -0.1387341 0.1142297
-1.100322 0.2140749 -0.1531435 0.1594321 -0.03199721 -0.05163252 0.1381636
-1.138519 0.1620613 -0.1724232 0.1336018 0.01596447 -0.1037864 0.1521841
-1.085905 0.1240908 -0.1083682 0.1270156 0.02130461 -0.08992541 0.06628719
-1.04289 0.1764468 -0.1473834 0.1421044 -0.005702104 -0.06187423 -0.002410029
-1.074973 0.2137863 -0.1232736 0.1345605 -0.01749259 -0.01492231 0.00790427
-1.104859 0.215176 -0.1705401 0.1089631 0.02142954 -0.09170448 0.04181004
-1.064904 0.1488022 -0.0948591 0.09390361 -0.01205338 -0.1746234 -0.03143431
-1.089348 0.1558688 -0.1296981 0.1083628 -0.003330663 -0.1621344 -0.004753839
-1.061155 0.1624339 -0.1314553 0.17861 -0.02361141 -0.09993991 -0.05611812
-1.125866 0.1476472 -0.132762 0.196322 -0.004330772 -0.1239913 0.07372175
-1.094775 0.188171 -0.1172428 0.166931 -0.06561958 -0.1058532 0.07773415
-1.055901 0.1340679 -0.1078592 0.1547752 -0.05871981 -0.09893635 0.1033606
-1.148413 0.1651907 -0.1254638 0.1738326 -0.006201848 -0.1118182 0.1732681
-1.104359 0.1353107 -0.14594 0.1361874 0.001444206 -0.1228881 0.1744663
-1.091442 0.1272086 -0.1655294 0.1301801 -0.02554534 -0.07524477 0.1234341
-1.09159 0.1747063 -0.1503886 0.1008483 -0.02432186 -0.07568426 0.07278316
-1.043153 0.1592884 -0.1156249 0.09763684 -0.008484558 -0.0776964 0.05909643
-1.046212 0.1080358 -0.09088806 0.1037143 -0.03928927 -0.03289923 0.08502706
-1.082083 0.1594586 -0.1051747 0.1222644 0.001850668 -0.07057866 0.07737612
-1.015793 0.1681683 -0.0846037 0.0791039 0.02352055 -0.102442 -0.04359311
-1.060236 0.1977024 -0.1247868 0.1361967 0.0352779 -0.08347725 0.04028997
-1.037776 0.1764697 -0.1133361 0.1541311 0.0140873 -0.1131716 -0.002786712
-1.062514 0.1657522 -0.08615645 0.08900088 -0.008563174 -0.07037762 -0.009254253
-1.035355 0.1924978 -0.1327427 0.1685388 -0.01883566 -0.03999519 -0.05098441
-1.095727 0.2090765 -0.1170479 0.1078504 0.0006211347 -0.02105013 0.04963934
-1.074271 0.1791111 -0.1495801 0.1167102 -0.0182898 -0.06127334 0.07513746
-1.10061 0.2128687 -0.1381824 0.1270121 -0.01033621 -0.02665335 0.06284747
-1.108111 0.184242 -0.1482113 0.1148473 -0.01176606 -0.06398075 0.1391253
-1.081293 0.1290657 -0.1444056 0.09229057 -0.02983447 -0.07571238 0.01736911
-1.079877 0.1600734 -0.1286325 0.1259493 -0.009738373 -0.08901218 0.05307606
-0.9896402 0.1852417 -0.1075629 0.05692836 0.01689928 -0.09558522 -0.01573152
-1.089065 0.1676715 -0.1315709 0.05291709 -0.01288359 -0.08746184 0.04854254
-1.134421 0.1446974 -0.1554036 0.09429677 0.000723243 -0.09623777 0.1824621
-1.157611 0.1816217 -0.156214 0.1101455 0.008364044 -0.09519495 0.2358241
-1.092336 0.1744382 -0.1696976 0.1496182 0.04377706 -0.1011009 0.1935546
-1.050084 0.1775313 -0.113756 0.1620718 0.06133658 -0.1017958 0.1688606
-1.042487 0.1968072 -0.121767 0.1599638 0.07114489 -0.09886133 0.1548769
-1.084346 0.1830476 -0.147329 0.1582487 0.04252871 -0.084966 0.1052276
-1.113304 0.1815439 -0.1354502 0.08309727 -0.006671145 -0.06048401 0.05291884
-1.160134 0.1823877 -0.1637381 0.1047115 -0.01504624 -0.06085262 0.07674763
-1.129097 0.137728 -0.1060831 0.1051202 -0.06643129 -0.08101844 0.0947674
-1.080544 0.1259761 -0.1438546 0.07294538 -0.0082049 -0.1075085 0.1082689
-1.064873 0.1365432 -0.1807175 0.1072801 -0.006455874 -0.09906394 0.0722988
-1.071084 0.1796218 -0.1443211 0.07927827 0.026232 -0.09239423 0.04315194
-1.123519 0.1730467 -0.1582035 0.09224177 -0.03259397 -0.1106939 0.06326315
-1.13526 0.1278553 -0.1559417 0.09223689 -0.02982041 -0.1269943 0.1027845
-1.16107 0.1534566 -0.121809 0.09102078 0.04369362 -0.08326408 0.07570506
-1.12167 0.168332 -0.08168065 0.0961347 0.02663944 -0.07117397 0.04135525
-1.063397 0.1842034 -0.1077465 0.1698994 0.01933293 -0.1015596 -0.04010013
-1.085552 0.2065751 -0.1192322 0.1433662 -0.007531406 -0.1095082 0.03239901
-1.114984 0.1754812 -0.06229144 0.07281669 -0.01851501 -0.08712593 0.05486088
-1.124268 0.1625696 -0.1187031 0.08275524 -0.03713792 -0.1330714 0.1142731
-1.098036 0.1810936 -0.1040245 0.06941377 -0.05706115 -0.05195421 0.04678452
-1.066477 0.1955987 -0.1418421 0.0798279 -0.02173657 -0.04510059 0.03384447
-1.011236 0.1572188 -0.1508489 0.0794082 -0.02145471 -0.04006445 -0.001487683
-1.064599 0.1599556 -0.1765208 0.1122542 -0.02413292 -0.06103625 0.07624735
-1.133995 0.1909337 -0.1697911 0.1201416 -0.02760814 -0.07524577 0.0956145
-1.112749 0.2018037 -0.1739904 0.105647 -0.004099353 -0.08231182 0.05153735
-1.063951 0.1459114 -0.1499386 0.1583132 0.004259391 -0.1489109 0.02113579
-1.074788 0.1764387 -0.1461889 0.1517592 -0.02470176 -0.09907448 0.07237574
-1.021819 0.1466873 -0.1381038 0.1144784 0.02094582 -0.112881 0.09877266
-0.9880264 0.1790111 -0.1391047 0.1150947 0.01600312 -0.1337857 -0.03964088
-1.061426 0.1404003 -0.1655318 0.1492004 0.01577504 -0.1469609 0.1078647
-1.074352 0.1991693 -0.09816883 0.1058875 0.02111407 -0.1108957 0.126688
-1.13453 0.198937 -0.07330573 0.1144629 -0.04522346 -0.07540073 0.1314818
-1.159125 0.1589429 -0.06905776 0.1420031 -0.09260655 -0.08999162 0.2043764
-1.109233 0.1744644 -0.07888913 0.1033862 -0.05541102 -0.08233177 0.09940826
-1.133914 0.1844376 -0.1055895 0.1127694 -0.03336078 -0.09746082 0.09808481
-1.097311 0.1606695 -0.1155124 0.1159021 -0.01608156 -0.09517281 0.01850627
-1.072547 0.1443121 -0.09916694 0.06737489 -0.02065303 -0.0975001 -0.06129202
-1.096568 0.204552 -0.0824467 0.04658542 -0.02000611 -0.05414388 0.01546272
-1.09572 0.1791335 -0.08205918 0.1006145 -0.006679709 -0.06331566 -0.00072391
-1.102129 0.239104 -0.1443007 0.1133701 0.03000872 -0.03795559 0.0321113
-1.099237 0.1634846 -0.1746998 0.1062372 0.02796161 -0.06319305 0.06590913
-1.145186 0.1690706 -0.1875084 0.05711451 0.002164078 -0.04102185 0.1215843
-1.172514 0.1453825 -0.1914407 0.09285343 -0.02130709 -0.06818835 0.1488158
-1.077923 0.1477898 -0.1718083 0.1067591 -0.001942354 -0.09177721 0.05445231
-1.075341 0.176447 -0.18148 0.136933 0.02458037 -0.1287973 0.0185955
-1.041957 0.1718314 -0.1417344 0.1011181 0.01365434 -0.114682 0.1083856
-1.062814 0.1617168 -0.1371488 0.06862987 -0.02313336 -0.08494333 0.08148395
-1.085023 0.1804967 -0.1664242 0.1822735 0.03084721 -0.1013508 0.07775568
-1.044199 0.1770725 -0.1467959 0.1577758 -0.01478524 -0.07572776 0.09327874
-1.010252 0.1951215 -0.1446999 0.08560928 -0.03987252 -0.09456296 0.04880637
-0.9972898 0.1928905 -0.1153511 0.07427098 -0.0007330589 -0.1167109 -0.02097574
-1.060471 0.1397918 -0.1139609 0.1548763 -0.03192185 -0.07400649 0.01639277
-1.057945 0.2164023 -0.102277 0.1358331 -0.07449307 -0.05955762 0.03535963
-1.107045 0.1765477 -0.1183153 0.08221023 -0.03022194 -0.08163833 0.1325496
-1.051468 0.1459973 -0.1024937 0.1025487 -0.07920857 -0.0228249 0.1161495
-1.036334 0.1674952 -0.1299905 0.09142403 -0.08085814 -0.01922483 0.09313767
-1.016428 0.1514935 -0.1716306 0.1378784 -0.02366222 -0.08272568 0.04840279
-1.024962 0.1353694 -0.1686581 0.1141824 0.01832063 -0.0667999 0.01566035
-1.06469 0.119169 -0.1330446 0.128089 0.009714499 -0.07545286 0.08387206
-1.102724 0.122747 -0.1272685 0.07314929 0.008715119 -0.066861 0.1140031
-1.071284 0.15514 -0.1008938 0.07334311 -0.02923671 -0.0869203 -0.02848064
-1.060487 0.140741 -0.1532122 0.1188318 -0.03609025 -0.1198827 0.006529783
-1.050397 0.1577231 -0.1205548 0.1365067 0.0001924285 -0.1018757 -0.07255607
-1.047553 0.1521306 -0.1071655 0.1010999 0.04772199 -0.1356968 0.008497553
-1.072538 0.200392 -0.1855018 0.1203654 0.05693603 -0.1223803 0.0811411
-0.986992 0.1588497 -0.1526491 0.1348228 -0.005126069 -0.1433941 0.0288868
-1.050542 0.1675518 -0.1558317 0.1056986 0.0293106 -0.09048703 0.03471548
-0.9861787 0.1664082 -0.1293683 0.1003618 -0.0184317 -0.1008122 -0.02902366
-0.9641442 0.2038197 -0.1341927 0.09664414 0.02313288 -0.1565643 -0.1084225
-0.9844495 0.1840411 -0.1731531 0.1642491 -0.02158886 -0.1322682 -0.1105088
-1.027288 0.1766492 -0.1293895 0.1479878 -0.02504958 -0.1256132 0.01830825
-1.068774 0.1865615 -0.1284582 0.0845192 -0.006846497 -0.1178306 0.09733125
-1.116029 0.188173 -0.1112378 0.1127507 0.04496218 -0.1199793 0.1108014
-1.063212 0.1899361 -0.08884439 0.1242653 0.01316178 -0.05728148 0.09662273
-1.075329 0.2355857 -0.1617078 0.1185274 -0.04100788 -0.04933867 0.04136519
-1.075615 0.1934328 -0.1032967 0.09688577 -0.06538193 -0.02896506 0.07216317
-1.051256 0.1851513 -0.1403535 0.1261818 -0.07518321 -0.06308959 0.05995864
-1.082409 0.1841335 -0.1227691 0.1100176 -0.06690075 -0.07810822 0.06614457
-1.062946 0.150392 -0.1035534 0.09398841 -0.0325504 -0.09727498 0.05654422
-1.101607 0.181738 -0.1170262 0.08844417 -0.04082142 -0.06431417 0.101061
-1.126322 0.1665141 -0.1511872 0.09755546 -0.0180491 -0.07267492 0.06067231
-1.084083 0.1313042 -0.1461956 0.1029623 -0.04795614 -0.0009835924 0.04645866
-1.052716 0.143378 -0.1169575 0.1044614 -0.02457359 -0.04939601 -0.006434171
-1.061048 0.1558015 -0.1122766 0.1161035 0.02312352 -0.03068416 -0.04014074
-1.096511 0.1856753 -0.1087314 0.1057441 -0.03220358 -0.08001211 0.07739373
-1.099419 0.2273658 -0.1321351 0.1316071 -0.009667741 -0.09320596 0.004512441
-1.122911 0.2045642 -0.1892733 0.1445401 0.02675391 -0.07437894 0.03987134
-1.079912 0.2056118 -0.1643934 0.09806159 0.01101231 -0.06900426 0.07849411
-1.072977 0.1635383 -0.1663117 0.1023913 -0.02307823 -0.08439031 0.03959665
-0.991836 0.1849768 -0.1451947 0.1166329 -0.02068185 -0.06921065 -0.1291828
-1.029535 0.2153013 -0.1202476 0.1382453 -0.05539298 -0.05843266 -0.03668412
-1.077892 0.2049695 -0.151038 0.1286089 -0.04084458 -0.04407036 0.05022403
-1.097905 0.1732903 -0.09779882 0.1109167 -0.0166769 -0.04409225 0.07199514
-1.056068 0.1928546 -0.09323155 0.1130481 -0.03943608 -0.07432613 0.03503468
-1.090066 0.1926705 -0.1024056 0.1360723 -0.05018043 -0.08038895 0.06241767
-1.114941 0.1698215 -0.1385444 0.1378833 0.01262588 -0.08518118 0.07874811
-1.179697 0.1439155 -0.1303661 0.07250879 0.02374755 -0.08982491 0.1076328
-1.085735 0.1459694 -0.1504084 0.1340495 0.02088294 -0.1202456 0.05542843
-1.014435 0.2001954 -0.2006625 0.1029715 0.02682869 -0.07340196 0.04707973
-1.002836 0.1506032 -0.1363653 0.1211952 0.01729529 -0.0797913 0.03361349
-0.9639618 0.1380995 -0.1521545 0.1345876 -0.003930359 -0.03331871 -0.06712539
-1.017882 0.09862955 -0.1617035 0.1056522 -0.01073336 -0.0639769 -0.1035697
-1.070064 0.08322301 -0.1498683 0.1093854 -0.01233595 -0.05964019 0.01760459
-1.088555 0.1352029 -0.1192769 0.06403076 -0.02082014 -0.05892586 0.09744692
-1.111058 0.172321 -0.1468036 0.06715713 0.004868762 -0.1071188 0.0995616
-1.092885 0.1607477 -0.1114956 0.07925588 0.0002329448 -0.125073 0.08665318
-1.085272 0.1561586 -0.1596915 0.092203 0.007347586 -0.1509586 0.05825104
-1.066889 0.1320196 -0.1550241 0.0924915 -0.0386588 -0.07920192 -0.01252145
-1.01568 0.164914 -0.1046455 0.07969707 -0.009137403 -0.09932424 -0.01941265
-1.060276 0.1788871 -0.1135861 0.07968559 0.02212369 -0.119259 0.06634745
-1.040609 0.1898309 -0.1225422 0.09038427 -0.04456568 -0.03627564 -0.001557186
-1.043304 0.1695621 -0.1153891 0.06218432 -0.0114444 -0.06712898 -0.01397609
-1.077594 0.1858213 -0.141211 0.1028074 0.007678747 -0.09748412 -0.01185295
-1.084941 0.2108807 -0.1637788 0.1005249 0.003102601 -0.09788245 0.06835599
-1.123843 0.223673 -0.154179 0.1073766 0.007655614 -0.1116286 0.03153009
-1.127515 0.2104023 -0.1402851 0.102887 0.00862241 -0.05298157 0.07541365
-1.047449 0.2130852 -0.1299713 0.08640462 -0.06436188 -0.07218636 0.01188334
-1.033874 0.2194327 -0.1494276 0.08421006 0.02037027 -0.1228419 0.02475431
-1.023324 0.2045529 -0.1157801 0.09776538 -0.008667483 -0.09673284 0.04787836
-1.075278 0.1478949 -0.06540541 0.09900739 -0.04761512 -0.05338097 0.06288465
-1.057211 0.1557744 -0.1364473 0.1625954 -0.05978356 -0.1574507 0.02315408
-1.11318 0.1885315 -0.1269572 0.1029493 -0.002823162 -0.1320337 0.03677814
-1.146831 0.1264972 -0.08880642 0.1273657 0.03141412 -0.143464 0.04647077
-1.119732 0.1016107 -0.04986962 0.1114289 -0.0008295807 -0.1539834 0.0337406
-1.04435 0.1437005 -0.08202513 0.1383379 0.002160402 -0.100031 0.07729927
-1.120877 0.1182719 -0.1018471 0.09548108 -0.04911663 -0.08788742 0.2124082
-1.086397 0.1528777 -0.1282886 0.06074132 -0.006409741 -0.06770888 0.105377
-1.067388 0.1638133 -0.1329527 0.04125282 -0.02120914 -0.09524074 0.02404377
-1.06148 0.1105942 -0.1263751 0.0595074 -0.03541609 -0.06862194 0.0888959
-1.017495 0.1247501 -0.1594023 0.07564328 0.04005123 -0.07111965 0.05800309
-1.021668 0.1593684 -0.1658665 0.1414214 0.006984399 -0.05897427 0.02485266
-1.022166 0.1806472 -0.1277996 0.09617548 0.0450639 -0.08711085 -0.01232746
-1.005385 0.1865893 -0.1574843 0.1276669 -0.001587223 -0.05879657 -0.03257413
-1.021492 0.179337 -0.1036667 0.09841761 0.01773348 -0.06447399 0.001112529
-1.043666 0.2042913 -0.1479058 0.1074054 0.02243276 -0.1261764 -0.002163858
-1.079281 0.1951603 -0.1282703 0.1254176 -0.006060362 -0.1034452 0.05356979
-1.064076 0.1516352 -0.1255383 0.1897365 -0.01567826 -0.1282564 0.02338232
-1.105808 0.1560636 -0.103948 0.1587065 0.008284807 -0.1694859 0.01351297
-1.117287 0.2004785 -0.1006872 0.1505238 -0.01092394 -0.1178411 -0.01943416
-1.142379 0.2024826 -0.1218001 0.1490053 -0.02771463 -0.0962111 0.08926127
-1.091519 0.1959408 -0.09300809 0.1264644 -0.05092632 -0.1062505 -0.03226707
-1.074696 0.1667824 -0.1382871 0.1399328 -0.02244483 -0.1276366 -0.01041355
-1.06186 0.19006 -0.1099311 0.1604562 0.02796762 -0.1414345 -0.03383038
-1.011132 0.128328 -0.07005551 0.1490859 0.05685132 -0.1438763 -0.08578136
-1.010552 0.1858622 -0.1169109 0.143954 -0.01332672 -0.1349923 -0.0222935
-1.078472 0.1775795 -0.1199438 0.130545 0.0001353353 -0.09771232 0.01119313
-1.103402 0.1573591 -0.1364718 0.07901116 -0.05983919 -0.04841572 0.02450489
-1.10489 0.1778936 -0.1308032 0.1431372 -0.03581384 -0.05283975 0.07632991
-1.052671 0.1962144 -0.1303047 0.1309123 -0.05426119 -0.06672372 0.03579636
-1.041726 0.1862294 -0.1428654 0.1446136 -0.08209865 -0.04096614 0.06866584
-1.058192 0.1626888 -0.1220782 0.1476558 -0.03698666 -0.03705002 0.01473403
-1.113984 0.1837643 -0.1757585 0.1558553 -0.07825191 -0.02049008 0.05029379
-1.114703 0.1961795 -0.1158444 0.1455046 -0.0687316 -0.01063747 0.1380387
-1.144625 0.1906129 -0.1436996 0.1273948 -0.09921392 -0.000735669 0.1623874
-1.159165 0.2071623 -0.1724331 0.1184737 -0.06757983 -0.03575915 0.1348139
-1.152058 0.1454942 -0.1636877 0.1032642 -0.0286894 -0.02400893 0.1546094
-1.051537 0.1319167 -0.1854088 0.1158012 -0.003031343 -0.02873849 0.07408901
-1.049319 0.1293068 -0.1539859 0.128764 -0.01042921 -0.06444926 0.0505159
-1.029032 0.1554996 -0.1747473 0.1362295 -0.04231755 -0.07638493 -0.004155707
-1.005877 0.1735698 -0.1584042 0.1420421 -0.03377669 -0.07166515 -0.02685293
-1.069635 0.2104704 -0.09837351 0.1062056 -0.01446436 -0.05589884 0.04693411
-1.021916 0.1987825 -0.1054913 0.05107281 0.04107617 -0.05074972 0.000664005
-1.017533 0.1867621 -0.1210729 0.07956566 0.0693226 -0.07296614 0.0281167
-0.9921524 0.1972651 -0.1155642 0.1153553 0.04722212 -0.1064025 -0.009696165
-1.044631 0.17167 -0.1247319 0.1127655 0.04883538 -0.05272904 0.08099918
-1.093225 0.1431615 -0.1473489 0.1403227 0.01057202 -0.05184676 0.138734
-1.051818 0.1865434 -0.1557372 0.1551706 -0.006741881 -0.05194774 0.08970224
-1.115926 0.1892848 -0.1746857 0.1579931 -0.0297434 -0.08312107 0.06692928
-1.051532 0.2124223 -0.1914092 0.1857948 -0.03556827 -0.1063214 -0.04879868
-1.132313 0.1745874 -0.1129968 0.1265003 0.004554458 -0.08920687 0.09695539
-1.170713 0.1691775 -0.09521878 0.08252835 -0.002498597 -0.07184739 0.1094593
-1.124207 0.1968396 -0.08825252 0.1057499 -0.05300159 -0.07318145 0.01160362
-1.039057 0.191557 -0.08074318 0.1110493 -0.03812027 -0.04618381 -0.04827914
-1.102646 0.1861998 -0.08415645 0.1048075 0.01359109 -0.07779197 0.08381846
-1.114259 0.2133466 -0.1534291 0.1404096 -0.01864917 -0.08388512 0.1075928
-1.130683 0.1760125 -0.132631 0.1164682 -0.05366419 -0.04260619 0.04396294
-1.085076 0.2137396 -0.1331627 0.07199154 -0.03187034 -0.06622263 0.06088208
-1.084856 0.1833185 -0.1211114 0.1101278 -0.06563761 -0.1024793 0.1233745
-1.047902 0.1399905 -0.1615052 0.09251545 -0.009760297 -0.08820907 0.05644371
-1.007666 0.169782 -0.1438407 0.1106649 -0.0017639 -0.1265219 0.01335593
-1.055791 0.1743411 -0.1616735 0.1295545 0.005689078 -0.112281 -0.01900866
-1.074564 0.2216306 -0.1818236 0.1437407 0.02010642 -0.1025896 -0.01462887
-1.126239 0.1933579 -0.1580407 0.08516576 -0.03965579 -0.08380225 0.06580227
-1.102096 0.2576472 -0.180477 0.1131179 -0.05488086 -0.05259188 0.05706412
-1.143447 0.2053672 -0.1802164 0.1401522 -0.01362329 -0.1014131 0.1280666
-1.123801 0.2057595 -0.1567313 0.08808388 -0.00179087 -0.08414689 0.07467064
-1.108834 0.2024301 -0.1699234 0.1010341 0.02864836 -0.1378729 0.09833308
-1.107075 0.1701495 -0.1600181 0.1028731 0.01716022 -0.0975015 0.1213041
-1.040621 0.1569971 -0.127684 0.06440124 0.02938899 -0.1050641 0.07913767
-1.035887 0.1510746 -0.1086811 0.07957236 -0.02280335 -0.09208289 0.1106883
-1.062166 0.1746383 -0.1295365 0.1028615 -0.07530729 -0.04705795 0.04916977
-1.062142 0.2159321 -0.1143197 0.0829692 -0.07472583 -0.03436813 -0.04847359
-1.069411 0.1789324 -0.1367912 0.09085443 -0.04580161 -0.05804147 -0.02472597
-1.047728 0.1818448 -0.179639 0.1609688 -0.03554119 -0.07355347 0.007669373
-1.06609 0.2021805 -0.1466501 0.1453624 -0.05865903 -0.04768504 0.01204184
-1.064654 0.1791364 -0.1581819 0.1213734 -0.06601641 -0.0530531 0.01034104
-1.090756 0.1965168 -0.1218538 0.09801413 -0.02526371 -0.09924151 0.0656221
-1.085478 0.1986087 -0.1598054 0.1044569 -0.01044802 -0.09227145 0.09263824
-1.099894 0.1766786 -0.2095315 0.1156937 -0.003337112 -0.1245411 0.1421133
-1.101243 0.2115814 -0.2054464 0.1170298 -0.03961595 -0.07273561 0.1493777
-1.086264 0.162442 -0.143557 0.09076767 -0.004409651 -0.1009637 0.1005011
-1.078754 0.1375433 -0.1689111 0.1195616 -0.03501593 -0.07444679 0.06451983
-1.066519 0.1400236 -0.1086748 0.04853906 0.0112035 -0.1166065 0.06307078
-1.0415 0.1869975 -0.1167762 0.1002606 0.02700267 -0.1471575 -0.001707515
-1.040769 0.1917486 -0.1521945 0.1242808 -0.004229266 -0.1017914 0.04028505
-1.015429 0.2140372 -0.1830624 0.1418115 0.01648693 -0.13396 -0.006738144
-1.021116 0.2099017 -0.1382238 0.1441207 0.008112892 -0.1330554 -0.03500145
-1.051781 0.1911836 -0.1068946 0.1407379 -0.007285432 -0.1384578 0.07276273
-1.131131 0.1808895 -0.1183318 0.1101709 0.02197157 -0.1027711 0.1144839
-1.097128 0.1668867 -0.1570169 0.136536 0.03148887 -0.1168342 0.06012942
-1.053398 0.2200754 -0.145244 0.1354443 0.007591784 -0.123319 0.04254829
-0.9781373 0.1802571 -0.1142476 0.1431691 0.006139756 -0.1240285 -0.06253504
-1.050438 0.1540833 -0.1151096 0.1022474 -0.006649994 -0.1106714 0.05677463
-1.052016 0.1743168 -0.1313059 0.05159758 -0.03551812 -0.08943665 0.04793083
-1.039709 0.1971549 -0.1459941 0.07487212 -0.0007269611 -0.09952444 0.01710116
-1.059606 0.1779489 -0.1563131 0.1211985 0.008461941 -0.1309795 -0.01446864
-1.073823 0.1405701 -0.1524971 0.1030219 -0.01806126 -0.08372333 0.02727206
-1.048145 0.1542356 -0.1377918 0.100529 0.008305458 -0.123264 0.009346398
-1.029132 0.1485478 -0.1435537 0.1251661 -0.01979177 -0.09246277 -0.06425992
-1.019445 0.1867982 -0.1849012 0.138137 -0.009385878 -0.07665254 -0.09601042
-1.039397 0.179908 -0.1218243 0.156827 -0.01590233 -0.07572566 -0.0444542
-1.138675 0.1746372 -0.1298432 0.09447401 -0.02551714 -0.07042472 0.1366279
-1.152381 0.2018448 -0.1308161 0.08015643 -0.03890651 -0.02830067 0.1545831
-1.119553 0.1851116 -0.1572162 0.08284012 -0.06199441 -0.02655264 0.1802194
-1.071331 0.2171478 -0.1232553 0.1037572 -0.05015278 -0.08607019 0.05978124
-1.100757 0.2146011 -0.1571129 0.08934034 -0.08004172 -0.09022397 0.07759991
-1.077719 0.2045281 -0.1196639 0.1168483 -0.006116192 -0.1405864 0.03193188
-1.127513 0.1984507 -0.09531547 0.05696252 0.00869309 -0.1558056 0.07616657
-1.126427 0.1847199 -0.08442327 0.06440586 -0.0395702 -0.126288 0.07480959
-1.08444 0.1831214 -0.1343874 0.08208035 -0.004373413 -0.1246787 0.05691504
-1.123441 0.1874575 -0.143419 0.0747484 -0.04368744 -0.1025635 0.08941824
-1.105571 0.2124587 -0.1418631 0.1249326 -0.0158618 -0.08693806 0.07912545
-1.048765 0.2169276 -0.06700039 0.09877952 -0.03672615 -0.09085468 0.01474063
-1.036836 0.2003307 -0.06307906 0.05310027 -0.01587477 -0.06210274 -0.02684699
-1.052965 0.1923188 -0.08798529 0.1406331 -0.0108017 -0.07831184 0.04525751
-1.046512 0.1987156 -0.08199111 0.1109595 -0.01366422 -0.09399836 0.1003091
-1.09169 0.1469479 -0.07496338 0.107316 -0.02715548 -0.1276109 0.1718946
-1.113156 0.2180876 -0.1142853 0.1296676 -0.03280493 -0.1080936 0.1781896
-1.069618 0.1736749 -0.07764605 0.1405168 -0.0103157 -0.1362622 0.08159042
-1.081248 0.2036359 -0.04883095 0.1218414 -0.01834236 -0.110445 0.08201977
-1.055508 0.1875104 -0.08139732 0.1362646 0.001371109 -0.06369842 0.03257155
-1.090735 0.1861198 -0.1125633 0.1563866 -0.009297959 -0.07261269 -0.001923258
-1.078693 0.198721 -0.1098224 0.1352063 0.00662975 -0.05117509 0.02437802
-1.043312 0.2252074 -0.09731026 0.09802831 -0.004300251 -0.09908951 0.0004313413
-1.062354 0.2059397 -0.1091559 0.137115 0.01749171 -0.1285231 0.01177057
-1.104274 0.201559 -0.1588474 0.1301277 0.02071011 -0.1044661 0.02239222
-1.118135 0.1660438 -0.1671817 0.1104767 0.009082437 -0.08594427 0.01181448
-1.070805 0.1693767 -0.1433849 0.12505 0.01948675 -0.07975241 -0.0924903
-1.0968 0.1911882 -0.148121 0.1251312 -0.03227616 -0.08705113 -0.04800469
-1.045984 0.1909751 -0.1588476 0.1363373 -0.04591846 -0.08180211 -0.02854422
-1.01759 0.1455885 -0.1338037 0.07951364 -0.006639423 -0.09369373 0.03051681
-1.024841 0.1490796 -0.1399117 0.08499809 -0.02911162 -0.1084936 0.01708231
-1.033581 0.1730712 -0.1414661 0.1579383 -0.02774055 -0.09683435 0.04392152
-1.046332 0.1891401 -0.1320369 0.1028528 -0.0283332 -0.06379266 0.03106886
-1.091795 0.1466954 -0.09928518 0.04948572 -0.02665476 -0.02476757 0.1092394
-1.088075 0.1671159 -0.1738289 0.05412317 -0.04215538 -0.02598011 0.1094451
-1.02843 0.130312 -0.1725257 0.06856494 -0.01399469 -0.03740107 -0.01120534
-1.054107 0.1731535 -0.2170702 0.09944134 -0.04171185 -0.04041553 -0.04468763
-1.003007 0.204479 -0.2137018 0.1318992 -0.03652808 -0.0510395 -0.04825392
-1.015204 0.2109517 -0.2108199 0.1798713 -0.06128008 -0.06330807 -0.06321699
-1.047531 0.1974605 -0.1585049 0.1270197 -0.03782222 -0.09534998 -0.02864051
-1.021312 0.2042041 -0.1645725 0.1528395 -0.07964065 -0.08696861 -0.1107683
-1.095054 0.1923926 -0.1200657 0.08887678 -0.09468626 -0.08939835 0.03640884
-1.100552 0.2112398 -0.1265475 0.09994861 -0.0717182 -0.09791411 0.05344002
-1.055398 0.1762331 -0.1100048 0.123287 -0.04887666 -0.09532473 0.07144649
-1.066967 0.1518961 -0.1153636 0.1541998 -0.03651182 -0.1053935 0.09425056
-1.106438 0.1603261 -0.08113525 0.1065839 -0.04906369 -0.0672531 0.1359897
-1.14368 0.1457795 -0.1032369 0.1098954 -0.02412118 -0.1073127 0.1609618
-1.136243 0.1582995 -0.1092587 0.08757935 -0.05321701 -0.09644935 0.1996822
-1.133455 0.1977557 -0.0648647 0.06295141 -0.05197962 0.01249645 0.1578577
-1.060079 0.1601307 -0.06507457 0.07869762 -0.08605898 0.03827146 0.03587044
-1.077462 0.122915 -0.1351235 0.09513162 -0.04041535 -0.004897593 0.03349659
-1.080073 0.1552862 -0.157543 0.07408469 -0.02615788 -0.05708136 0.08417715
-1.060081 0.1051211 -0.1599493 0.1184023 -0.01096338 -0.09510514 0.04862174
-1.107638 0.161651 -0.1710247 0.1224272 0.0185649 -0.148684 0.04472615
-1.09701 0.1703005 -0.1335684 0.1002298 -0.01607455 -0.1209563 0.02162977
-1.086301 0.164527 -0.1300267 0.1054925 -0.02776113 -0.08821607 0.1094622
-1.106839 0.1636846 -0.1094828 0.07208874 0.01908594 -0.1260528 0.141738
-1.092846 0.1909872 -0.1468183 0.1064193 0.02620182 -0.1335222 0.03333746
-1.140801 0.1543816 -0.1476777 0.159514 -0.03989765 -0.1403739 0.04597545
-1.130591 0.154898 -0.134932 0.1878803 -0.03665067 -0.07515232 0.03401454
-1.13097 0.1886041 -0.1450207 0.1725426 -0.02454381 -0.09947764 0.03794081
-1.120335 0.1577747 -0.1381839 0.1608147 -0.04091929 -0.06102435 0.08712202
-1.117349 0.1242194 -0.1332184 0.1166189 0.01337275 -0.09507631 0.1098356
-1.046641 0.1747469 -0.1346724 0.1115049 0.01656114 -0.1008707 0.07757586
-0.9976484 0.1890785 -0.1620938 0.131021 0.05113865 -0.1143551 -0.001315974
-1.006622 0.1949515 -0.1840699 0.1287162 0.06430677 -0.1491054 -0.003410387
-1.013178 0.1915955 -0.1526088 0.09900112 0.01179313 -0.06646627 -0.01857458
-1.067482 0.1912892 -0.1253429 0.09611089 -0.01277648 -0.03975137 0.04471026
-1.148316 0.1846569 -0.1455541 0.1036406 -0.04990735 -0.01931834 0.1424779
-1.181757 0.2379923 -0.09865546 0.07428469 -0.0338159 0.003230173 0.1358489
-1.156426 0.2054753 -0.07972149 0.06933135 -0.07497968 0.01170792 0.115699
-1.072425 0.2249659 -0.1011723 0.1121446 -0.07571275 -0.01255424 0.06179074
-1.073372 0.2367578 -0.06440045 0.08962822 -0.05812166 0.008436323 0.01144803
-1.089612 0.2347727 -0.04184534 0.05503467 -0.04419445 -0.03226478 0.05351425
-1.046398 0.1924816 -0.05820436 0.09691659 -0.02242297 -0.09799988 0.0206107
-1.071889 0.1512919 -0.06804939 0.07046639 -0.02891021 -0.1013068 0.01628889
-1.103001 0.1818071 -0.1121683 0.05801664 -0.05137881 -0.08825872 -0.008030205
-1.135487 0.1581574 -0.05871391 0.030105 0.0123691 -0.1229385 0.07709996
-1.13343 0.156097 -0.07460227 0.04068428 -0.04803027 -0.1524704 0.07634367
-1.165312 0.2114039 -0.09469157 0.04704413 0.00980792 -0.1467049 0.09990533
-1.220253 0.1660429 -0.08697509 0.05390115 -0.008878078 -0.1222353 0.2520667
-1.187308 0.1615937 -0.1700145 0.1033135 -0.0415384 -0.09671957 0.2134852
-1.088834 0.187758 -0.1686032 0.08594272 -0.05956524 -0.08665977 0.1046004
-1.001738 0.1950609 -0.1812062 0.1238784 -0.02969922 -0.08778387 0.1119599
-0.9718498 0.1712428 -0.1669775 0.1248699 -0.01594167 -0.08686705 -0.02971364
-0.9743323 0.1660706 -0.1440798 0.1001802 0.008282685 -0.08636772 0.03119618
-1.012891 0.1543522 -0.12612 0.1261068 -0.02666881 -0.08219034 0.05480588
-1.038666 0.1572601 -0.1675923 0.149367 -0.005630626 -0.1030182 0.04086809
-1.056145 0.1309345 -0.1519099 0.1287784 -0.02629688 -0.127548 0.06353777
-1.087017 0.1774582 -0.1450888 0.1604358 -0.04133252 -0.08968393 0.07683308
-1.141848 0.1417678 -0.2105297 0.156898 -0.01943598 -0.1001399 0.2036356
-1.132985 0.1440845 -0.216738 0.1771838 -0.03484743 -0.1042321 0.1093317
-1.148724 0.1519877 -0.2170758 0.1538828 -0.01689741 -0.1252479 0.1593917
-1.175437 0.1314008 -0.167785 0.1206631 -0.007507674 -0.05086724 0.1472412
-1.091865 0.1717417 -0.2059003 0.1637103 0.0002692071 -0.0935754 0.1116068
-1.125204 0.1614935 -0.1901324 0.1309859 -0.05470095 -0.1026933 0.154888
-1.147825 0.1768204 -0.182173 0.08441569 -0.03754962 -0.06953827 0.1475353
-1.117688 0.1361482 -0.1676455 0.08131322 -0.0642273 -0.01304256 0.1276367
-1.107729 0.136764 -0.1514014 0.08267226 -0.02956288 -0.01376854 0.1004367
-1.121293 0.1545199 -0.1600116 0.0727702 -0.008108199 -0.1104397 0.0384685
-1.116328 0.1515148 -0.1603357 0.1027588 -0.0559508 -0.1215364 0.05825768
-1.101949 0.1886051 -0.1753502 0.1181538 -0.04748173 -0.09035695 0.03864749
-1.147209 0.1843897 -0.1483883 0.1700416 -0.01207064 -0.1425136 0.1341511
-1.127898 0.1963996 -0.132369 0.1713217 -0.04230764 -0.1504106 0.09359264
-1.088318 0.179884 -0.1190878 0.167515 0.01569084 -0.1488995 0.0626194
-1.080008 0.1622304 -0.150615 0.1542287 -0.02180242 -0.1191259 0.1188666
-1.085584 0.1504686 -0.1675193 0.1677101 -0.02115746 -0.0753013 0.1028532
-1.062665 0.1620365 -0.1928454 0.1616107 0.0008194075 -0.1243894 0.1204525
-1.066856 0.2095381 -0.1405231 0.1445505 -0.00758168 -0.1113043 0.06591338
-1.156702 0.212732 -0.1044009 0.08483978 -0.0658817 -0.04138612 0.1138268
-1.075679 0.1868492 -0.08072438 -0.001799268 -0.01926258 -0.05427723 0.07076831
-1.05443 0.1409914 -0.1186064 0.1208745 -0.07192981 -0.08135727 -0.002459054
-1.067113 0.1043021 -0.07708151 0.07228884 -0.04180572 -0.079567 0.003051883
-1.077719 0.1546119 -0.1514551 0.0863082 -0.03430906 -0.1505511 0.006871667
-1.11427 0.1318365 -0.09146759 0.05455918 -0.01285787 -0.1375374 0.1152944
-1.066938 0.192324 -0.07562395 0.0212425 -0.05684645 -0.110538 0.0009061964
-1.096985 0.2081029 -0.1103607 0.06824978 -0.04225324 -0.149489 0.004610225
-1.109573 0.1922873 -0.1263057 0.127654 -0.02688029 -0.1292857 0.1022586
-1.08157 0.2290541 -0.1623577 0.1397933 -0.0373324 -0.1583304 0.01011904
-1.079836 0.1861673 -0.172565 0.11867 -0.04163621 -0.145854 0.05234272
-1.034212 0.1770465 -0.1605962 0.1204545 -0.02629863 -0.1186997 0.02962375
-1.020327 0.1780923 -0.1764417 0.09558983 -0.004103972 -0.09335247 -0.005964707
-1.068328 0.1806982 -0.1518398 0.1225472 -0.002649372 -0.1451995 0.0217238
-1.066898 0.14988 -0.1457405 0.136445 -0.03937093 -0.1226598 0.03098393
-1.066101 0.1055763 -0.1292344 0.1248365 -0.04309566 -0.0770154 -0.02196677
-1.052392 0.1072311 -0.1665939 0.1393344 0.02500852 -0.08103651 0.01650791
-1.045283 0.1468443 -0.1285979 0.1051013 0.009083475 -0.0790162 0.09667798
-1.028667 0.1603895 -0.1516569 0.1555235 -0.04243636 -0.05095927 -0.003732143
-1.073156 0.1548854 -0.1104033 0.1616727 -0.06938327 -0.0780572 0.05159183
-1.089192 0.1338836 -0.09162332 0.1494548 -0.04146007 -0.04350775 0.07628831
-1.127397 0.1507389 -0.06880525 0.2019649 -0.06056769 -0.0965161 0.1118529
-1.108967 0.1720789 -0.06408309 0.1904903 -0.0182423 -0.1146421 0.09988613
-1.066876 0.1144236 -0.0309928 0.1060318 0.05994577 -0.09065152 0.1207269
-1.06484 0.1292885 -0.04066352 0.0891355 0.05381075 -0.1033467 0.09179905
-1.051345 0.1198098 -0.07759064 0.1264199 -0.01159434 -0.04445966 0.01061777
-1.103625 0.1497475 -0.1353618 0.1247864 -0.0003763063 -0.08585678 0.1285486
-1.132834 0.1480161 -0.1756878 0.1270074 0.03000023 -0.09648698 0.2019731
-1.130351 0.1351655 -0.1669659 0.1693635 -0.002345836 -0.05303052 0.1667979
-1.074538 0.1371929 -0.1674084 0.1503102 -0.04453154 -0.07086267 0.09139545
-1.048907 0.1401154 -0.1529619 0.1578584 -0.05604779 -0.05520622 0.031034
-1.070771 0.1654543 -0.1547632 0.1314513 -0.01365217 -0.06833483 0.04211466
-1.073322 0.1250107 -0.1715272 0.07399091 -0.03412953 -0.03693769 0.08024017
-1.040134 0.1548752 -0.1398269 0.1007353 -0.008864525 -0.09106139 0.05866504
-1.03531 0.1632244 -0.1646396 0.101797 -0.03615255 -0.05734421 0.02970808
-1.043356 0.1184866 -0.1733931 0.09973609 0.001413233 -0.07755924 0.01391674
-1.053747 0.1172705 -0.1891974 0.09781711 -0.01125092 -0.08834441 0.01741091
-1.073935 0.1480341 -0.1459914 0.1131486 -0.04885185 -0.06203568 0.08643508
-1.062399 0.1488023 -0.1480055 0.1426474 -0.0579784 -0.06931492 0.0550017
-1.073339 0.1468114 -0.1400523 0.1573499 -0.0149187 -0.0801222 0.05709095
-0.9995909 0.140672 -0.1499676 0.1364006 -0.02728773 -0.04304005 0.006204165
-1.051967 0.1641627 -0.1638143 0.1416522 -0.02206942 -0.05766249 0.04765971
-1.063777 0.1312285 -0.2043591 0.1672855 -0.03153538 -0.08768696 0.03743706
-1.120245 0.1645031 -0.130142 0.08730729 0.02305574 -0.06234701 0.1224453
-1.094671 0.2041292 -0.08481491 0.05695981 0.003717479 -0.03050121 0.09363208
-1.052157 0.2407398 -0.093701 0.04893969 0.01933327 -0.048123 0.09193528
-1.113595 0.2190908 -0.136914 0.1040312 -0.02624085 -0.01761201 0.1436187
-1.086548 0.2283198 -0.1764621 0.1337292 -0.02207997 -0.02178792 -0.009068393
-1.066613 0.1885332 -0.1875261 0.1115883 -0.005817857 -0.07218959 -0.04818725
-1.086174 0.1981127 -0.2142561 0.152311 -0.04162392 -0.08190745 -0.009982902
-1.083732 0.2056168 -0.1377486 0.106216 -0.05033881 -0.05755873 0.03330285
-1.097491 0.1857808 -0.1615811 0.116072 -0.04654876 -0.08098413 0.05801959
-1.138542 0.1549086 -0.1909177 0.1832664 -0.02522538 -0.129183 0.1501077
-1.171833 0.2465288 -0.1523619 0.1851227 0.004896221 -0.102822 0.1751615
-1.120635 0.2311133 -0.1528577 0.1492655 0.02688525 -0.09212677 0.1275806
-1.06939 0.2122898 -0.1373075 0.1348879 0.004227221 -0.09305714 0.03182287
-1.032825 0.1942002 -0.1137114 0.1142669 -0.012327 -0.05050071 -0.05816055
-1.011446 0.2368124 -0.1108473 0.1079496 0.01778016 -0.06402382 -0.02690021
-1.037294 0.157502 -0.1253929 0.05788786 0.009233179 -0.01739809 0.03890801
-1.030553 0.1836798 -0.1287242 0.0307525 -0.03645914 0.006614593 0.02746712
-1.050838 0.1534531 -0.1510434 0.09157769 -0.05099426 -0.011873 0.1177777
-1.016207 0.2069673 -0.1167031 0.04408938 -0.003450872 -0.03824328 0.02243518
-1.086951 0.1746385 -0.1269634 0.0229304 0.02046737 -0.05349971 0.07455915
-1.142106 0.1723625 -0.09708936 0.05981475 -0.007011766 -0.06041349 0.1608846
-1.068459 0.1414713 -0.1352872 0.07887588 -0.008686969 -0.08832368 0.1016156
-1.041452 0.1902657 -0.1302136 0.07821077 0.006594373 -0.05943409 0.06702633
-1.12197 0.2255559 -0.1475463 0.05204244 -0.008758779 -0.07942522 0.1685147
-1.145415 0.2134871 -0.1501911 0.1039865 -0.03055142 -0.09178779 0.1557826
-1.081135 0.1233583 -0.1333433 0.1445472 -0.06402441 -0.0793689 0.07015818
-1.157154 0.1926609 -0.2161298 0.194473 -0.06984592 -0.0880472 0.1642635
-1.137996 0.1856688 -0.1704827 0.1737395 -0.06702204 -0.05888007 0.1018414
-1.140241 0.1217105 -0.1492753 0.1451575 -0.06551826 -0.03152701 0.06538047
-1.083991 0.1727721 -0.1851455 0.1698074 -0.07684284 -0.06185092 -0.01148398
-1.129659 0.2091377 -0.2017659 0.1700366 -0.03472753 -0.09469059 0.1164299
-1.133376 0.183588 -0.1228755 0.134546 -0.01291434 -0.08529899 0.03678315
-1.047094 0.1794489 -0.09274068 0.1334891 -0.01443383 -0.08971053 -0.02704806
-1.07472 0.2122731 -0.16341 0.1664519 -0.006846082 -0.09163808 -0.01999333
-1.048001 0.200082 -0.2049705 0.1542326 -0.0067119 -0.1115919 -0.09509351
-1.040658 0.19579 -0.1973683 0.136671 0.05133894 -0.1035383 -0.01343234
-1.047893 0.1688853 -0.1390035 0.06871785 0.05190612 -0.07773016 0.03143533
-1.081751 0.1600086 -0.1483943 0.06810824 0.04198855 -0.07982963 0.01392621
-1.113517 0.1257215 -0.1295202 0.05654391 0.03670662 -0.0892818 0.08393212
-1.113012 0.148489 -0.1200321 0.05413979 0.05324534 -0.1022843 0.0582948
-1.119353 0.1499526 -0.06848031 0.06849467 0.03831401 -0.06425744 0.07834973
-1.120354 0.1460685 -0.07343026 0.0782681 -0.01338944 -0.01205634 0.08568103
-1.092444 0.1572786 -0.09500936 0.1216519 -0.03226398 -0.006090027 0.01052445
-1.15075 0.1359555 -0.05924357 0.09360271 -0.03323007 0.008092797 0.1215427
-1.110193 0.142091 -0.04191319 0.1138557 -0.03563028 -0.03218358 0.1088256
-1.093427 0.08820562 -0.03804435 0.1586329 -0.06899104 -0.07852379 0.09950216
-1.120393 0.1065161 -0.1005927 0.1920629 -0.05379926 -0.05529724 0.1421144
-1.098059 0.1193629 -0.05372668 0.1578248 -0.04552404 -0.09368033 0.01644174
-1.06872 0.1666361 -0.08733488 0.1375494 -0.02538719 -0.1319037 -0.01735994
-1.123013 0.1877124 -0.1588894 0.08726415 0.02728416 -0.1053058 0.0828178
-1.072546 0.1725842 -0.1525071 0.08548945 -0.004008625 -0.07562886 0.05736097
-1.093795 0.1406096 -0.09228249 0.1204998 -0.0407708 -0.0560256 0.07488089
-1.097424 0.1736107 -0.06604872 0.08647473 -0.05862764 -0.0286692 0.086365
-1.117118 0.1180345 -0.09217695 0.1275117 -0.06516496 -0.04089059 0.08334928
-1.075023 0.1540972 -0.0729741 0.1537619 -0.05398828 -0.08690115 0.0708339
-1.044632 0.1701474 -0.1162921 0.1499655 -0.004324639 -0.09372297 0.03160688
-1.036371 0.1862908 -0.07846936 0.1452978 -0.0210929 -0.07100014 0.04026678
-1.033584 0.1766848 -0.09709457 0.1742031 -0.07896081 -0.05475713 0.007833208
-1.047899 0.1762649 -0.1136879 0.1537836 -0.05534795 -0.07540547 -0.05953562
-1.099372 0.1608509 -0.1154087 0.1067176 -0.05678798 -0.1162591 0.02178749
-1.090968 0.1795459 -0.1580598 0.129396 -0.04486544 -0.1107923 0.02647116
-1.136513 0.191981 -0.1351366 0.1155404 -0.04635755 -0.09639587 0.1033694
-1.132374 0.215466 -0.1805145 0.1465521 -0.0207908 -0.07602555 0.1300742
-1.208147 0.1936995 -0.115391 0.08635676 -0.01279595 -0.09452327 0.1945994
-1.21035 0.1820265 -0.1550065 0.1365748 0.005337503 -0.1372575 0.1778712
-1.17094 0.1490082 -0.1539609 0.1239512 0.009840473 -0.06968954 0.1236271
-1.090303 0.1745475 -0.1301256 0.1256264 -0.03434341 -0.06492594 0.008344797
-1.119462 0.1841457 -0.1682762 0.1533989 -0.02983792 -0.1051676 0.02688035
-1.028269 0.1304611 -0.1352033 0.1708551 -0.01935064 -0.1359694 0.01214411
-1.081119 0.187251 -0.1342614 0.129208 0.007901785 -0.1625769 0.1007972
-1.062028 0.2078576 -0.1240284 0.1110264 0.0206029 -0.136447 0.07566889
-1.08735 0.145538 -0.1414518 0.1266336 -0.02958719 -0.1027659 0.03941211
-1.120185 0.1480907 -0.1623749 0.1109662 0.02981488 -0.1002023 0.1045367
-1.089977 0.1723904 -0.09973413 0.06874968 0.002995766 -0.08030132 0.03765661
-1.141722 0.1690508 -0.1016395 0.04197728 -0.0113639 -0.06590206 0.1435993
-1.120813 0.1704027 -0.1242363 0.1508787 -0.0574817 -0.07627127 0.07236017
-1.116574 0.1625805 -0.1016207 0.0988881 -0.03762677 -0.08107773 0.0173541
-1.125582 0.1843252 -0.1161104 0.1274811 -0.04491736 -0.06122609 0.08070645
-1.130898 0.1734454 -0.1167034 0.09562142 -0.003861541 -0.1224812 0.09359629
-1.139 0.1965158 -0.1251578 0.1243002 -0.00588776 -0.09530312 0.03864404
-1.091512 0.1693419 -0.1200734 0.1533452 0.02687474 -0.114886 -0.02404789
-1.070778 0.2171363 -0.1367053 0.1576912 -0.004666918 -0.1158093 -0.03350359
-1.028535 0.2164952 -0.1750407 0.1839409 -0.03598843 -0.1036867 0.001108976
-1.021305 0.1963603 -0.1102035 0.1194234 -0.01815802 -0.09293159 0.002778411
-1.077705 0.1934664 -0.1238738 0.08126896 -0.04427511 -0.01992373 0.06103061
-1.092143 0.1852807 -0.2077283 0.1500101 0.01303059 -0.08038036 0.1191576
-1.066418 0.1903092 -0.2097389 0.135073 -0.02654086 -0.0659645 0.02013257
-1.078935 0.2167915 -0.1882811 0.1295919 -0.009806032 -0.06268965 0.01235874
-1.078794 0.2014947 -0.1561448 0.1008518 -0.01760958 -0.1134328 -0.01306453
-1.04664 0.1814276 -0.1584679 0.1345355 -0.04804058 -0.07508954 -0.0168253
-1.04159 0.2395272 -0.1679756 0.1008217 -0.03749392 -0.1221465 -0.008968674
-1.09957 0.2055751 -0.1944819 0.1048684 -0.01040112 -0.06034777 0.07943845
-1.030506 0.1825777 -0.2043451 0.1660421 -0.03696771 -0.03528814 -0.04716114
-0.9916277 0.1885355 -0.1822787 0.1126991 0.0257129 -0.1047993 -0.06449689
-1.042632 0.2090293 -0.1537735 0.1498844 -0.04619185 -0.09646638 0.01025389
-1.075258 0.1983431 -0.1513442 0.1587199 -0.01884463 -0.1405082 0.03629264
-1.031473 0.1564711 -0.10747 0.1228188 -0.03285748 -0.1288152 0.04619086
-1.103343 0.1853629 -0.147442 0.1374035 -0.01974903 -0.1470968 0.05882317
-1.07644 0.1648951 -0.169645 0.111666 -0.006020651 -0.1343911 0.09643799
-1.024602 0.1358933 -0.1795968 0.1462066 0.01513594 -0.1508074 0.01666662
-1.026199 0.1656567 -0.1167392 0.1036044 0.02315055 -0.07041097 0.1302881
-1.068197 0.2012311 -0.0219453 0.06328254 0.03289871 -0.0735001 0.1679128
-1.099975 0.1625479 -0.07690904 0.1007948 -0.01434692 -0.1187691 0.1495422
-1.069361 0.2122679 -0.07642477 0.117104 -0.01774878 -0.1556031 0.05823312
-1.156255 0.2025723 -0.1185528 0.07068135 0.02002218 -0.1350406 0.1248046
-1.127244 0.2353487 -0.1464584 0.1136403 0.02561881 -0.1007338 0.1645962
-1.106999 0.2114885 -0.1209263 0.1291289 -0.04782048 -0.06473242 0.04560796
-1.061989 0.1625471 -0.135363 0.08980782 -0.0290839 -0.08154009 0.01993018
-1.080996 0.155112 -0.1794243 0.1118212 0.0185641 -0.05048438 0.04448969
-1.048648 0.1475312 -0.1297202 0.09913344 -0.009594953 -0.09086073 0.07822111
-1.100252 0.1343951 -0.112763 0.136969 -0.03484223 -0.04117214 0.1095817
-1.116142 0.1873401 -0.1499779 0.1708362 -0.02662965 -0.06750768 0.08211214
-1.074407 0.2151194 -0.1308865 0.1485377 -0.0638945 -0.06496157 0.1078472
-1.067318 0.2124076 -0.08566089 0.1376143 -0.02204062 -0.03368285 0.09488336
-1.038466 0.1560539 -0.07917015 0.155115 -0.006605212 -0.0617841 0.02853897
-0.983059 0.2126092 -0.1081774 0.1248731 -0.02469423 -0.07566203 0.002592557
-1.015559 0.214471 -0.1162603 0.1586885 -0.04319925 -0.08801003 0.000995684
-1.051255 0.1585773 -0.1641523 0.1336284 -0.05636146 -0.05518878 0.0659362
-1.079835 0.1776454 -0.1358205 0.120366 -0.04849997 -0.07689248 0.07596296
-1.046445 0.2127898 -0.1623496 0.1465818 -0.03121356 -0.08157126 0.01018738
-1.060369 0.2059356 -0.134104 0.09474444 -0.019344 -0.1025778 0.09168617
-1.060885 0.1490819 -0.1091671 0.1285214 -0.04975899 -0.06674342 0.07187467
-1.122144 0.1683849 -0.1513825 0.1448146 -0.004000923 -0.05793907 0.1086393
-1.138529 0.1692951 -0.1441345 0.123997 -0.03164608 -0.02958821 0.176565
-1.147334 0.1691441 -0.1475521 0.1732052 -0.02271803 -0.06994573 0.1295493
-1.212779 0.1720044 -0.1615104 0.1754628 -0.05926204 -0.04924975 0.1661
-1.202405 0.1908312 -0.1773702 0.1561696 -0.0221657 -0.04731711 0.1747248
-1.23235 0.1954328 -0.1749144 0.1242439 -0.005388222 -0.0640542 0.2367346
-1.144681 0.1968041 -0.1740015 0.1656919 0.02939911 -0.09354752 0.162566
-1.134316 0.1914774 -0.1555261 0.1233818 -0.003388031 -0.04660753 0.112106
-1.106916 0.1796546 -0.1356636 0.07230166 0.03062837 -0.07405074 0.1259778
-1.041886 0.2086716 -0.1212209 0.119731 -0.02497236 -0.02748373 0.1151444
-1.056182 0.2012648 -0.07109997 0.05391588 0.003566401 -0.0319084 0.04563798
-1.081315 0.1457429 -0.08370163 0.04199798 0.03718363 -0.05080333 0.1379589
-0.9791057 0.1502493 -0.0801358 0.08622028 0.01593219 -0.05927936 0.03725447
-1.007835 0.144591 -0.1074375 0.1151346 -0.02496415 -0.05059355 -0.006541935
-1.048679 0.1786753 -0.1022277 0.03188949 -0.04795469 -0.03559436 0.0251658
-1.046065 0.1960562 -0.0778517 0.05481754 -0.01095437 -0.06677992 0.007819682
-1.041156 0.1668977 -0.06719865 0.09138728 -0.009475966 -0.0620936 0.067315
-1.01747 0.1537914 -0.1035724 0.0838288 -0.03165477 -0.06141161 0.06328716
-1.067285 0.1697278 -0.1347988 0.0512251 -0.05032518 -0.03128745 0.1499391
-1.103729 0.1861523 -0.1243361 0.0701425 0.053335 -0.06498425 0.140438
-1.064196 0.1616087 -0.07535513 0.07608513 0.04223783 -0.05302859 0.09448338
-1.083289 0.1732911 -0.1213812 0.1524308 0.01726467 -0.05224476 0.03863096
-1.112116 0.2173393 -0.1253692 0.1081159 0.02990066 -0.06411928 0.0719193
-1.058391 0.1958745 -0.1530516 0.1209704 0.02933259 -0.09011593 0.004000247
-1.087932 0.2185849 -0.1458666 0.1244251 0.03598881 -0.06893737 0.007329589
-1.093415 0.1675757 -0.1131369 0.1231999 0.03620208 -0.08164429 0.0431296
-1.033842 0.1291681 -0.1122121 0.1216477 0.04063258 -0.146638 -0.05273894
-1.07304 0.1604739 -0.09720455 0.09777506 0.03186521 -0.09235794 -0.02787205
-1.081505 0.1662155 -0.1047643 0.1365335 0.03898535 -0.1565568 -0.02811519
-1.063476 0.1728582 -0.1084855 0.096252 0.0332214 -0.09236056 0.02391795
-1.060594 0.1668259 -0.1510652 0.1440626 -0.05075491 -0.0884402 -0.04658875
-1.006962 0.1948783 -0.1623341 0.1131753 -0.02788168 -0.03433996 -0.09297543
-1.04992 0.1886061 -0.1490581 0.1266105 -0.03096334 -0.05847475 -0.00421763
-1.108141 0.1435824 -0.1369121 0.1113585 0.0028081 -0.08907289 0.04917388
-1.082488 0.1621319 -0.1682225 0.1422049 -0.04433338 -0.06804144 0.02410456
-1.13258 0.2069336 -0.1273879 0.1151859 0.02187831 -0.07280563 0.1110071
-1.102585 0.1982809 -0.1432095 0.08173199 0.01285724 -0.04190252 0.03160744
-1.087904 0.1775314 -0.09908867 0.1125331 0.03279719 -0.02853739 -0.001760576
-1.086102 0.1577302 -0.09064973 0.127878 0.06417705 -0.08525045 0.02836482
-1.049942 0.1776645 -0.1257234 0.08786998 0.04386571 -0.1305149 0.01375566
-1.102016 0.1932138 -0.1258421 0.08531616 0.03071922 -0.1116741 0.08467544
-1.065325 0.204346 -0.1617022 0.09946813 0.02940248 -0.0912895 0.07958694
-1.068077 0.1388259 -0.1147939 0.06654855 0.04232364 -0.07409905 0.1136522
-1.039967 0.1498776 -0.0830744 0.0816549 0.01877207 -0.08531927 0.04434134
-1.039243 0.137343 -0.1200325 0.1270436 -0.03914038 -0.1270028 -0.02184094
-1.040654 0.1459476 -0.09813792 0.114946 -0.05598294 -0.1163349 -0.03334326
-1.034259 0.1132007 -0.1226182 0.1678225 -0.1050146 -0.05903689 -0.04902818
-1.075795 0.09668492 -0.126934 0.1550417 -0.08893889 -0.04696232 0.00526268
-1.088273 0.1048225 -0.1400054 0.08074356 -0.08245888 -0.05940558 0.0185564
-1.105935 0.1422401 -0.1313001 0.1158051 -0.03924782 -0.09672191 0.02136883
-1.086946 0.1885762 -0.1276809 0.1231184 -0.01433836 -0.1182847 0.08613444
-1.144041 0.1890248 -0.07078291 0.1070635 0.01345582 -0.06910302 0.1384316
-1.156404 0.162623 -0.1043701 0.1333611 0.04067403 -0.05361927 0.1781272
-1.156316 0.1294602 -0.0703496 0.04894904 -0.002112553 -0.05444843 0.1457413
-1.14051 0.1785977 -0.1070531 0.07393664 0.006686507 -0.08237728 0.0694663
-1.074703 0.1706787 -0.117503 0.117804 0.002855405 -0.09522758 0.01293172
-1.079845 0.1570122 -0.1222244 0.1057984 0.03124383 -0.09673942 0.06397371
-1.053139 0.1920678 -0.09309715 0.1005868 0.0073648 -0.08100484 0.005007843
-1.068888 0.2356717 -0.06829747 0.09673968 -0.01943373 -0.07605573 0.06299454
-1.060494 0.2018078 -0.1306395 0.1219654 -0.04290041 -0.0878367 0.116553
-1.092253 0.1800507 -0.1378387 0.09458678 0.004740679 -0.07890278 0.09934695
-1.059509 0.2087849 -0.1582442 0.09050572 0.0466016 -0.08706282 0.0474474
-0.9876819 0.2022425 -0.1556004 0.1120954 0.005957339 -0.09357354 -0.04977825
-1.052962 0.2115017 -0.1593166 0.09612537 -0.0192212 -0.07363116 0.02684902
-1.042632 0.2128228 -0.1306453 0.1130785 -0.03189012 -0.03768404 0.01308169
-1.070338 0.2069956 -0.157835 0.09551649 0.005725878 -0.04235989 0.04614216
-0.9906031 0.2193102 -0.1673197 0.1165265 -0.02009054 -0.03729708 -0.0462139
-1.015483 0.2213181 -0.1942631 0.09676148 -0.0260771 -0.05024135 -0.03156295
-1.026242 0.1897409 -0.167788 0.1231742 -0.008937287 -0.08737495 -0.03302789
-1.094881 0.1590926 -0.133982 0.1160345 -0.006605123 -0.0989139 0.008133381
-1.048158 0.1753253 -0.1936357 0.1002697 -0.02062765 -0.06438831 0.02372418
-1.062837 0.1850302 -0.1216168 0.1168611 -0.007604488 -0.05616869 0.06233133
-1.015024 0.1630064 -0.09955449 0.05688819 0.01362326 -0.07966795 -0.01804252
-1.039586 0.1512659 -0.1059595 0.1308838 0.01896858 -0.08866736 -0.01295581
-1.013746 0.1698812 -0.07911888 0.1128167 0.006199694 -0.1363696 0.01204415
-1.022292 0.1557445 -0.1336039 0.1323615 -0.03349544 -0.1375722 -0.02465232
-1.043374 0.1269286 -0.1078547 0.1068945 -0.0414026 -0.09487509 0.04438958
-1.02739 0.1259825 -0.1128822 0.1269329 -0.0180182 -0.08625016 0.02878818
-1.102952 0.1730884 -0.1150182 0.08396432 -0.02614526 -0.07415349 0.1100365
-1.110243 0.1664003 -0.08160497 0.1016119 -0.03165809 -0.07130144 0.1502271
-1.081277 0.1777281 -0.09021226 0.08990957 -0.03305344 -0.08363734 0.106446
-1.057025 0.1715127 -0.08375739 0.08162221 -0.04403387 -0.08550889 -0.0004301531
-1.088343 0.1529157 -0.1221963 0.08773215 -0.09961416 -0.09024146 0.01686244
-1.097737 0.2065616 -0.1216808 0.08110621 -0.08357289 -0.09103918 0.04339363
-1.078215 0.1857488 -0.1650747 0.1277311 -0.04974991 -0.08387213 0.07021788
-1.101808 0.1924512 -0.09990568 0.09569469 -0.05454012 -0.1295875 0.05613156
-1.036069 0.1868559 -0.09424481 0.0558055 -0.01242658 -0.1034191 -0.04295788
-1.049455 0.2274664 -0.07237317 0.1165643 -0.06022931 -0.05549723 0.01230291
-1.091589 0.1937793 -0.0874413 0.08641146 -0.009166781 -0.09255509 0.0803107
-1.102999 0.1306124 -0.1492389 0.1293636 -0.01224411 -0.1218734 0.08129377
-1.146285 0.1287251 -0.1170111 0.1048762 -0.02350514 -0.1086179 0.05744505
-1.139791 0.155914 -0.1536357 0.1336407 -0.007998767 -0.1265854 0.06823487
-1.151277 0.1495449 -0.09908403 0.106428 -0.03334162 -0.1304543 0.1025584
-1.171859 0.1952162 -0.1353736 0.09531602 0.002119518 -0.1099087 0.10602
-1.13141 0.2358858 -0.1555119 0.1074157 0.004211701 -0.1144645 0.1231826
-1.130351 0.1848408 -0.1332125 0.09865737 0.0115984 -0.07960776 0.1322721
-1.176412 0.2184568 -0.1549511 0.09951834 0.01032976 -0.115147 0.2030728
-1.091135 0.1484628 -0.1404333 0.1137997 0.02269736 -0.1105862 0.08413749
-1.068601 0.156951 -0.1072918 0.10366 0.007291093 -0.1110894 0.06859877
-1.073829 0.1576819 -0.1301786 0.1042403 0.03361717 -0.1226169 0.07596077
-1.088822 0.158643 -0.1129395 0.1316407 0.009983849 -0.166108 0.021721
-1.060903 0.1670415 -0.1091217 0.132601 0.0373598 -0.1564018 0.034608
-1.061876 0.1555527 -0.08846526 0.1836496 0.007274795 -0.1163118 0.02499819
-1.128735 0.1466056 -0.08545915 0.2028823 0.01099878 -0.09203721 0.01519725
-1.133871 0.1051407 -0.04491671 0.1157395 -0.004669769 -0.08407798 0.1107991
-1.114004 0.1431246 -0.05727077 0.09016532 0.01649684 -0.06659623 0.1021276
-1.124414 0.1260589 -0.07232233 0.04912402 0.03909262 -0.04710916 0.05342677
-1.116931 0.1715333 -0.1089364 0.07097635 -0.05597572 0.01251593 0.02773454
-1.05298 0.1920577 -0.08252588 0.1200142 -0.07552584 -0.008985175 0.06943246
-1.07838 0.2017185 -0.1398173 0.09826771 -0.034864 -0.07164234 0.02948565
-1.100936 0.1880166 -0.1850531 0.124331 -0.04725342 -0.09160391 0.01001246
-1.077082 0.1670033 -0.1814603 0.1387802 -0.05072169 -0.1259412 -0.03570363
-1.037609 0.1628635 -0.1690034 0.1343301 -0.04439071 -0.08702971 -0.09054052
-1.057781 0.2018816 -0.150501 0.1424613 0.006072709 -0.05277701 0.009241174
-1.048601 0.1766844 -0.1374369 0.1038771 0.02205572 -0.1289426 -0.01727022
-1.044766 0.2161906 -0.1320922 0.09579249 -0.03688056 -0.1740365 -0.04370851
-1.09514 0.1875262 -0.07445679 0.0782771 -0.01225517 -0.108163 0.05877821
-1.025439 0.184898 -0.1161733 0.09640372 -0.02153864 -0.09279408 -0.05832941
-1.041825 0.1769107 -0.1072386 0.09224339 0.02623676 -0.1037447 -0.01232971
-1.070832 0.2135508 -0.1157724 0.1078188 0.02651447 -0.1192785 0.05930629
-1.070597 0.1619907 -0.1067704 0.07577849 0.03359527 -0.1120404 0.03016967
-1.101034 0.1758231 -0.1334641 0.1114134 0.03336926 -0.1013518 0.0709412
-1.130574 0.1646463 -0.1411344 0.1314218 0.004168517 -0.1560102 0.06062518
-1.143651 0.1755124 -0.1463467 0.07564882 -0.02574987 -0.08867949 0.0239475
-1.097867 0.13804 -0.1574255 0.1261054 -0.03296078 -0.09418 -0.003471457
-1.074691 0.1802605 -0.132267 0.1008059 -0.04419535 -0.08662834 0.03532806
-1.062315 0.2149625 -0.09341181 0.08589433 -0.03410671 -0.08132762 0.07221268
-1.105389 0.1933796 -0.1242815 0.1170452 -0.01528667 -0.1132343 0.03531108
-1.146777 0.1735365 -0.1251555 0.1300164 -0.02509482 -0.1287246 0.105076
-1.085385 0.1782809 -0.126203 0.0664564 0.02373932 -0.09450979 0.05757578
-1.085784 0.1891338 -0.1750615 0.08597344 0.05404625 -0.08664278 0.1304035
-1.123494 0.1588341 -0.1651164 0.194821 0.01796993 -0.08036692 0.08951278
-1.043177 0.1698735 -0.180676 0.1252745 0.03897524 -0.08337885 -0.008257027
-1.043746 0.2120646 -0.1660415 0.1000666 0.03882776 -0.1082007 -0.050872
-1.115548 0.2436569 -0.1228853 0.08733551 0.03165023 -0.08504901 0.05069871
-1.095446 0.2294587 -0.1361478 0.0898403 0.01668341 -0.08228291 0.0005096387
-1.13599 0.2184139 -0.1255026 0.1309116 0.01521917 -0.07042379 0.04445664
-1.099291 0.2162411 -0.2032415 0.2028869 -0.009467394 -0.0739938 0.02066271
-1.07583 0.2649459 -0.2100317 0.1335032 0.01969329 -0.1145589 0.06078842
-0.9807794 0.2599887 -0.19829 0.1165133 0.01810169 -0.1233592 -0.02348593
-1.01171 0.2186805 -0.1912853 0.1326411 -0.02426585 -0.1817328 0.04172875
-0.9714224 0.216736 -0.1507202 0.1472164 0.007552056 -0.1548868 -0.04847095
-1.043825 0.2053349 -0.1632255 0.07752388 0.03737674 -0.1062258 0.04431788
-1.120266 0.1518779 -0.1161596 0.06340916 0.007346021 -0.08515218 0.1229432
-1.103167 0.2164582 -0.1218111 0.1154695 0.01197484 -0.1264898 0.1053238
-1.117001 0.2395435 -0.1229989 0.05244089 0.02233039 -0.08049975 0.1008085
-1.113728 0.2318353 -0.1243219 0.07708395 -0.0172589 -0.106632 0.08173356
-1.058365 0.2354169 -0.1625144 0.1448338 0.02353601 -0.1286738 0.1090563
-1.052147 0.2007837 -0.1312912 0.1684469 -0.06832524 -0.134929 -0.009639204
-1.029056 0.1919454 -0.1524084 0.145379 -0.07425452 -0.1611641 -0.03873921
-1.065204 0.1676618 -0.08486848 0.1159944 -0.04386392 -0.1518723 0.01818515
-1.036232 0.1281943 -0.1301006 0.1363997 -0.003780102 -0.1133947 0.02110272
-1.039032 0.1518796 -0.09949433 0.1521468 -0.03745889 -0.09707027 0.02192864
-1.022549 0.1428388 -0.1381646 0.153542 -0.008787479 -0.111083 0.02146672
-1.036013 0.1361142 -0.1335218 0.1539577 -0.0007481588 -0.08018312 0.06280389
-1.049992 0.1799663 -0.1166144 0.08211853 -0.02275472 -0.08597399 0.04438817
-1.095649 0.1730505 -0.1363633 0.1097049 -0.04505937 -0.03476211 0.04454856
-1.078733 0.1986956 -0.1810636 0.127327 -0.0404607 -0.06923629 0.07148848
-1.136045 0.1946459 -0.1914279 0.1023599 -0.0321124 -0.1037688 0.1172213
-1.130712 0.142759 -0.1618183 0.09748256 -0.05074314 -0.1570556 0.1265614
-1.108565 0.2025397 -0.147311 0.06146599 -0.03159086 -0.1574791 0.0473741
-1.106704 0.1397892 -0.1127727 0.06618677 -0.04302073 -0.09736499 0.1013276
-1.116734 0.1594601 -0.109999 0.03412713 -0.01971745 -0.04306894 0.1096477
-1.054227 0.214426 -0.08279714 0.04814302 -0.0102982 -0.04417219 0.08330949
-1.057769 0.1776719 -0.07883014 0.01181789 0.02133093 -0.09182924 0.1163641
-1.031356 0.220372 -0.133239 0.09381553 -0.02663319 -0.07827261 0.07310999
-1.048067 0.2307904 -0.1588572 0.09638393 -0.07535211 -0.06891541 0.03678801
-1.063958 0.2103963 -0.1250941 0.08746512 -0.06758186 -0.08112451 -0.02940951
-1.077004 0.1935308 -0.08299872 0.08358516 -0.08324445 -0.02934129 0.03918844
-1.041863 0.2139366 -0.1132457 0.06231915 -0.09347897 -0.04937789 0.05942719
-1.057417 0.209117 -0.1695615 0.111895 -0.0696956 -0.04194982 0.03723192
-1.079374 0.1902019 -0.1629793 0.1597977 -0.08809473 -0.06211979 0.05957631
-1.0745 0.1872036 -0.1774443 0.1781164 -0.09169911 -0.06070172 0.01265602
-1.012189 0.1894957 -0.1777771 0.1573504 -0.02424586 -0.1327014 -0.1009989
-0.9864232 0.1863704 -0.1330016 0.09871006 0.0006793894 -0.1087863 -0.1007404
-0.9842475 0.1934305 -0.1308413 0.1293049 -0.02124753 -0.1222585 -0.09296505
-1.028876 0.1658115 -0.1215139 0.145206 -0.06137247 -0.06932756 0.003972552
-1.027446 0.1675536 -0.08116425 0.1011909 -0.05333502 -0.06971576 0.07757542
-1.091428 0.1780276 -0.05774182 0.09372414 -0.0629745 0.01309939 0.1684845
-1.162016 0.1645509 -0.06148563 0.09024672 -0.01785975 -0.01444609 0.1841763
-1.138734 0.1580407 -0.1427052 0.08065753 0.02121645 -0.08086695 0.1522165
-1.134713 0.161059 -0.1590992 0.1249674 -0.02693167 -0.1019176 0.1029107
-1.087986 0.1680729 -0.126996 0.1473493 -0.03633485 -0.08319881 0.05899238
-1.117261 0.1708206 -0.129653 0.1523811 0.02274351 -0.1268781 0.1151043
-1.078839 0.1319177 -0.129854 0.1543005 -0.03686385 -0.08788965 0.04320902
-1.051592 0.1780969 -0.124204 0.1909384 0.01407661 -0.1200924 -0.08194778
-1.04263 0.1758726 -0.1523082 0.155912 0.02244174 -0.09347163 -0.01563441
-1.011865 0.1763195 -0.114379 0.09662264 0.001158464 -0.1154151 -0.02944405
-1.072719 0.1679014 -0.1067038 0.08347375 -0.01756027 -0.09488172 0.01491611
-1.099239 0.1553035 -0.09974417 0.04992546 0.02128951 -0.05287812 0.1134707
-1.093592 0.1508162 -0.0670229 0.05306211 -0.03246297 -0.07540569 0.0613881
-1.157837 0.1482994 -0.07953315 0.06679679 0.03592501 -0.0905924 0.2538642
-1.167171 0.1613831 -0.07640134 0.04925042 0.009534879 -0.1136178 0.2183789
-1.170419 0.163654 -0.07154863 0.06656613 0.01732406 -0.1089441 0.1566395
-1.135437 0.1593267 -0.1019816 0.09036459 -0.02297658 -0.06972295 0.01803168
-1.081975 0.2123124 -0.1299906 0.1661736 -0.02752032 -0.08714946 -0.05974516
-1.110047 0.215497 -0.130787 0.1431132 -0.03926037 -0.05659596 0.02009137
-1.079355 0.2375368 -0.1557812 0.1039264 -0.04365222 -0.05342892 -0.007910151
-1.053042 0.2127776 -0.1361764 0.1352437 -0.06323059 -0.0620916 -0.0456743
-1.093668 0.1585364 -0.06247243 0.05330052 0.001413602 -0.1079518 0.06268795
-1.07981 0.1552599 -0.1071621 0.0572657 -0.02917106 -0.07666108 0.1087871
-1.0482 0.1756503 -0.1252244 0.117898 -0.02519134 -0.05640048 0.04708526
-1.05451 0.1628877 -0.1056756 0.1305001 0.0264672 -0.08638541 0.1132984
-1.069977 0.1672061 -0.1170627 0.1379822 0.01031063 -0.05960944 0.1180125
-1.050071 0.2048526 -0.1384893 0.1104179 0.02046512 -0.08872493 0.04898847
-1.006331 0.1559121 -0.1185845 0.146276 0.01547239 -0.09123609 -0.005478687
-1.00776 0.1144403 -0.1268056 0.1299411 -0.01606856 -0.06560224 -0.09690715
-1.067776 0.171442 -0.1054901 0.1406194 -0.0228633 -0.06774915 0.002797959
-1.101947 0.2114231 -0.1220345 0.1186716 -0.06553248 -0.04623543 0.115422
-1.09531 0.2321888 -0.08248109 0.111098 -0.05243452 -0.03635439 0.08633407
-1.096905 0.1926842 -0.08224864 0.09906581 -0.01526273 -0.03852256 0.07453288
-1.068198 0.221595 -0.08446152 0.07023788 0.01006353 -0.05021677 0.07900418
-1.024799 0.1671983 -0.08251759 0.1002708 -0.03878871 -0.06638691 0.007238001
-1.03128 0.1783139 -0.05389516 0.04700857 -0.05281152 -0.06309387 0.06050627
-1.098997 0.1830047 -0.1040071 0.103008 -0.08076849 -0.08890471 0.1321793
-1.136534 0.2131242 -0.1272832 0.1223091 -0.02030768 -0.080094 0.1148343
-1.092603 0.2043108 -0.09354676 0.1114434 -0.03698944 -0.0750478 0.1081923
-1.073974 0.1433558 -0.1051045 0.1154932 -0.04408263 -0.04719333 0.04329637
-1.107799 0.1396304 -0.1353495 0.1446089 -0.007981106 -0.07118783 0.1014537
-1.060121 0.1566982 -0.125889 0.1380398 0.01037694 -0.07329136 0.09653143
-1.057349 0.1774969 -0.1160261 0.06104921 -0.001312481 -0.03778947 0.07562619
-0.9611299 0.1769281 -0.09697494 0.08770904 0.01158559 -0.05086473 0.05027475
-0.9815785 0.1439572 -0.08994004 0.05421269 -0.04168275 -0.07341697 0.06343531
-0.9957577 0.1502811 -0.1041592 0.05092836 0.02173481 -0.08544329 0.02182235
-1.037339 0.1818561 -0.1151385 0.0531269 0.0297121 -0.09882778 0.06835932
-1.049797 0.1793839 -0.07490133 0.0440329 0.05338303 -0.08365973 0.06341552
-1.028234 0.1812147 -0.1005985 0.01604862 0.04019446 -0.0377888 0.06276046
-1.02541 0.1458351 -0.08454312 0.04030987 0.03142083 -0.06670479 0.02382742
-1.042853 0.1768192 -0.1107542 0.08005646 0.03208395 -0.08173604 0.0398348
-1.066626 0.2218638 -0.108956 0.1188246 0.04362565 -0.1209431 0.08002176
-1.011134 0.1749177 -0.1271489 0.154432 0.0008787096 -0.09113422 -0.01773825
-1.04795 0.1367689 -0.1357233 0.1545201 0.01474123 -0.09362367 0.05717284
-1.0527 0.138849 -0.1121202 0.1107299 0.02374236 -0.1141479 0.07613664
-1.054225 0.1450654 -0.1151669 0.1146018 -0.02192475 -0.09853325 0.05690496
-1.065625 0.1265672 -0.1384523 0.1237884 -0.003995274 -0.1002846 0.05068417
-0.9624755 0.08132515 -0.1043097 0.1044787 0.02900736 -0.1039555 -0.05409494
-1.019253 0.1208772 -0.1342514 0.1236694 -0.05899719 -0.05439545 -0.006706843
-1.041211 0.1514462 -0.102696 0.06907606 0.008757791 -0.03459701 0.03317435
-1.071358 0.1287706 -0.1156945 0.04250791 -0.0003314133 -0.05607145 0.08003166
-1.103169 0.1285725 -0.1072791 0.09344769 -0.03626336 -0.1101302 0.1149435
-1.107452 0.1445054 -0.07965739 0.08043654 -0.01955809 -0.1197785 0.1001131
-1.104279 0.1579715 -0.04420201 0.08831068 -0.03740722 -0.07842924 0.06744099
-1.079016 0.1632263 -0.06136125 0.06024264 -0.05269717 -0.08651709 0.01402173
